|SourceProjectName:CFAdminHelp.hpr
|DestinationProjectName:cfadminhelp.htm
whhost.js
whmsg.js
whmozemu.js
whproxy.js
whstub.js
whutils.js
whver.js
whform.js
whphost.js
whstart.js
whtopic.js
whframes.js
whlang.js
whskin_info.htm
whskin_blank.htm
whskin_pickup.htm
whskin_homepage.htm
whskin_tw.htm
whnjs.htm
whthost.js
whtdhtml.htm
whihost.js
whibody.htm
whiform.htm
whfhost.js
whfbody.htm
whfform.htm
whghost.js
whgbody.htm
whgdhtml.htm
whgdef.htm
whproj.js
whproj.xml
whproj.htm
whxdata\whtoc.xml
whxdata\whidx.xml
whxdata\whglo.xml
whdata\whtoc.js
whdata\whtoc.htm
whdata\whtdata.js
whdata\whidx.js
whdata\whidx.htm
whdata\whidata.js
whdata\whglo.js
whdata\whglo.htm
whdata\whgdata.js
resource\resource.xml
whbrs.xml
whres.xml
whgdata\whnvp30.htm
whgdata\whnvp31.htm
whgdata\whnvp32.htm
whgdata\whnvp33.htm
whgdata\whnvt30.htm
whgdata\whnvt31.htm
whgdata\whnvt32.htm
whgdata\whnvt33.htm
whgdata\whnvf30.htm
whgdata\whnvf31.htm
whgdata\whnvf32.htm
whgdata\whnvf33.htm
whgdata\whnvl31.htm
whgdata\whnvl32.htm
whgdata\whnvl33.htm
whgdata\whexpbar.gif
cshdat_webhelp.htm
whcsh_home.htm
whcshdata.htm
cshdat_robohelp.htm
whd_home.htm
whd_topic.xml
whd_nvp10.htm
whd_nvp20.htm
whd_tabs.htm
whd_dpns.htm
whd_tab0.gif
whd_tab1.gif
whd_tab2.gif
whd_tab3.gif
whd_tab4.gif
whd_tab5.gif
whd_tab6.gif
whd_tab7.gif
whd_tab8.gif
whd_toc1.gif
whd_toc2.gif
whd_toc3.gif
whd_toc4.gif
whd_show0.gif
whd_show1.gif
whd_show2.gif
whd_hide0.gif
whd_hide1.gif
whd_hide2.gif
whd_sync0.gif
whd_sync1.gif
whd_sync2.gif
whd_prev0.gif
whd_prev1.gif
whd_prev2.gif
whd_next0.gif
whd_next1.gif
whd_next2.gif
whd_wbsh0.gif
whd_wbsh1.gif
whd_wbsh2.gif
whidhtml.htm
whfdhtml.htm
cfadminhelp_hha.hhk
cfadminhelp.hhc
cfadminhelp.hhk
about_coldfusion_data_sources.htm
about_database_drivers.htm
about_java_settings_for_coldfusion_mx.htm
about_logical_aliases_for_physical_directories.htm
about_simultaneous_request_tuning.htm
about_the_cluster_manager.htm
about_the_coldfusion_probe_page.htm
about_the_data_sources_page.htm
about_the_server_manager_page.htm
access_connect_to.htm
access_unicode_connect_to.htm
add_coldfusion_instance.htm
addeditcftag.htm
addeditjavaapplet.htm
addedittask.htm
adding_and_editing_j2ee_archives.htm
adding_probes.htm
allowed_ip_addresses.htm
analyze_server_activity_in_log_files.htm
appserset.htm
archive_information_tab.htm
archive_summary_tab.htm
archive_to_do_list_tab.htm
cftags.htm
change_coldfusion_user_account.htm
change_password.htm
charting.htm
chgadpwrd.htm
client_variable_planning.htm
code_anal.htm
conadmail.htm
configure_the_performance_monitor.htm
connect_through_jndi.htm
connect_to_apache_derby_client.htm
connect_to_apache_derby_embedded.htm
connect_to_postgresql.htm
conxstringopt.htm
corbaext.htm
create_a_data_source.htm
creating_site_archive.htm
crelogmap.htm
crevercllx.htm
customtag.htm
db2_universal_db_connect_to.htm
debgopt.htm
delete_archive_definition.htm
document_page.htm
documentation.htm
edit_cluster_page.htm
edit_user_configuration.htm
enable_performance_monitoring.htm
event_gateway_overview.htm
event_gateway_settings.htm
event_gateway_types.htm
event_gateways.htm
filter.htm
flex_data_service.htm
font_management.htm
generating_archive.htm
idcfinf.htm
informix_connect_to.htm
j2ee_archive.htm
j2ee_packaging_overview.htm
javaapplet.htm
jvmandjava.htm
layout_of_the_coldfusion_administrator.htm
license_scanner.htm
log_file_columns.htm
logfiles.htm
logsettings.htm
logtypes.htm
logviewer.htm
manage_solr_collections.htm
manage_undelivered_mails.htm
manage_verity_collections.htm
memory_usage.htm
mgeclivar.htm
migclivar.htm
migrate_verity_collections.htm
mngmemvar.htm
modifying_a_site_archive.htm
multi_server_monitor.htm
mysql_connect_to.htm
odbc_socket_connect_to.htm
online_help.htm
oracle_connect_to.htm
other_connect_to.htm
overview_of_basic_configuration.htm
overview_of_basic_troubleshooting.htm
overview_of_coldfusion_data_sources.htm
overview_of_coldfusion_performance_monitoring.htm
overview_of_debugging_settings.htm
overview_of_optional_configuration.htm
overview_of_server_settings.htm
overview_of_site_archiving.htm
overview_of_verity_collections.htm
populate_a_solr_collection.htm
popvercllx.htm
probe_types.htm
restoring_an_archive.htm
rstrdebug.htm
sandbox_sec.htm
schedtask.htm
schedule_task_overview.htm
server_manager_client.htm
server_monitor.htm
server_monitor_alerts_and_snapshots_section.htm
server_monitor_database.htm
server_monitor_errors_section.htm
server_monitor_request_statistics.htm
server_monitor_summary.htm
set_line_debugger_settings.htm
set_request_tuning.htm
setcacpref.htm
setcfpsswrd.htm
setcfstdpass.htm
setsummary.htm
setting_per_application_settings.htm
solr_collections.htm
sqlsvr_connect_to.htm
suspending_probe_operation.htm
sybase_connect_to.htm
tips_for_printing.htm
user_manager.htm
vercfserv.htm
verify_coldfusion_data_sources.htm
verity_supported_file_types.htm
verk2.htm
verwebserv.htm
webservices.htm
what_s_new_in_this_release.htm
what_you_can_do_in_coldfusion_administrator.htm
why_security_is_important.htm
robohhre.lng
cfadminhelp.glo
cfstyles.css
ehlpdhtm.js
cfadminhelp.ppf
whxdata\whtdata0.xml
whxdata\whtdata1.xml
whxdata\whidata0.xml
whxdata\whidata1.xml
whdata\whtdata0.htm
whdata\whtdata1.htm
whdata\whidata0.htm
whdata\whidata1.htm
whgdata\whlstt0.htm
whgdata\whlsti0.htm
whgdata\whlsti1.htm
whgdata\whlsti2.htm
whgdata\whlsti3.htm
whgdata\whlsti4.htm
whgdata\whlsti5.htm
whgdata\whlsti6.htm
whgdata\whlsti7.htm
whgdata\whlsti8.htm
whgdata\whlsti9.htm
whgdata\whlsti10.htm
whgdata\whlsti11.htm
whgdata\whlsti12.htm
whgdata\whlsti13.htm
whgdata\whlsti14.htm
whgdata\whlsti15.htm
whgdata\whlsti16.htm
whgdata\whlsti17.htm
whgdata\whlsti18.htm
whgdata\whlstf0.htm
whgdata\whlstg0.htm
cfadminhelp.htm
cfadminhelp_csh.htm
cfadminhelp_rhc.htm
