"Severity","ThreadID","Date","Time","Application","Message"
"Information","http-bio-8085-exec-6","12/08/11","16:47:00",,"/Users/lmajano/Downloads/contentbox-express-acf/www/ROOT/WEB-INF/cfusion/logs/application.log initialized"
"Error","http-bio-8085-exec-6","12/08/11","16:47:00",,"Table ""CB_AUTHOR"" not found; SQL statement: alter table cb_author drop constraint FK6847396B9724FA40 [42102-162]"
"Error","http-bio-8085-exec-6","12/08/11","16:47:00",,"Table ""CB_AUTHORPERMISSIONS"" not found; SQL statement: alter table cb_authorPermissions drop constraint FKE167E219AA6AC0EA [42102-162]"
"Error","http-bio-8085-exec-6","12/08/11","16:47:00",,"Table ""CB_AUTHORPERMISSIONS"" not found; SQL statement: alter table cb_authorPermissions drop constraint FKE167E21937C1A3F2 [42102-162]"
"Error","http-bio-8085-exec-6","12/08/11","16:47:00",,"Table ""CB_COMMENT"" not found; SQL statement: alter table cb_comment drop constraint FKFFCED27F92F29C32 [42102-162]"
"Error","http-bio-8085-exec-6","12/08/11","16:47:00",,"Table ""CB_COMMENT"" not found; SQL statement: alter table cb_comment drop constraint FKFFCED27F9BD3CEE6 [42102-162]"
"Error","http-bio-8085-exec-6","12/08/11","16:47:00",,"Table ""CB_ENTRY"" not found; SQL statement: alter table cb_entry drop constraint FK14167492AA6AC0EA [42102-162]"
"Error","http-bio-8085-exec-6","12/08/11","16:47:00",,"Table ""CB_ENTRYCATEGORIES"" not found; SQL statement: alter table cb_entryCategories drop constraint FKC01C884EF10ECD0 [42102-162]"
"Error","http-bio-8085-exec-6","12/08/11","16:47:00",,"Table ""CB_ENTRYCATEGORIES"" not found; SQL statement: alter table cb_entryCategories drop constraint FKC01C884E9BD3CEE6 [42102-162]"
"Error","http-bio-8085-exec-6","12/08/11","16:47:00",,"Table ""CB_PAGE"" not found; SQL statement: alter table cb_page drop constraint FK21B2F26FAA6AC0EA [42102-162]"
"Error","http-bio-8085-exec-6","12/08/11","16:47:00",,"Table ""CB_PAGE"" not found; SQL statement: alter table cb_page drop constraint FK21B2F26F67BCE10D [42102-162]"
"Error","http-bio-8085-exec-6","12/08/11","16:47:00",,"Table ""CB_ROLEPERMISSIONS"" not found; SQL statement: alter table cb_rolePermissions drop constraint FKDCCC1A4E9724FA40 [42102-162]"
"Error","http-bio-8085-exec-6","12/08/11","16:47:00",,"Table ""CB_ROLEPERMISSIONS"" not found; SQL statement: alter table cb_rolePermissions drop constraint FKDCCC1A4E37C1A3F2 [42102-162]"
"Error","http-bio-8085-exec-6","12/08/11","16:47:00",,"Error during DDL export"
"Error","http-bio-8085-exec-6","12/08/11","16:47:00","ContentBox-Shell-4623D52E8981B4CD30A5509E5C5D51AD","Error in executing the DDL.Index ""IDX_SLUG"" already exists; SQL statement: create index idx_slug on cb_customHTML (slug) [42111-162]Other Errors :     <ul><li>Table ""CB_AUTHOR"" not found; SQL statement: alter table cb_author drop constraint FK6847396B9724FA40 [42102-162]</li><li>Table ""CB_AUTHORPERMISSIONS"" not found; SQL statement: alter table cb_authorPermissions drop constraint FKE167E219AA6AC0EA [42102-162]</li><li>Table ""CB_AUTHORPERMISSIONS"" not found; SQL statement: alter table cb_authorPermissions drop constraint FKE167E21937C1A3F2 [42102-162]</li><li>Table ""CB_COMMENT"" not found; SQL statement: alter table cb_comment drop constraint FKFFCED27F92F29C32 [42102-162]</li><li>Table ""CB_COMMENT"" not found; SQL statement: alter table cb_comment drop constraint FKFFCED27F9BD3CEE6 [42102-162]</li><li>Table ""CB_ENTRY"" not found; SQL statement: alter table cb_entry drop constraint FK14167492AA6AC0EA [42102-162]</li><li>Table ""CB_ENTRYCATEGORIES"" not found; SQL statement: alter table cb_entryCategories drop cons... The specific sequence of files included or processed is: /Users/lmajano/Downloads/contentbox-express-acf/www/ROOT/index.cfm'' "
"Error","http-bio-8085-exec-10","12/08/11","16:48:01",,"Constraint ""FK14167492AA6AC0EA"" not found; SQL statement: alter table cb_entry drop constraint FK14167492AA6AC0EA [90057-162]"
"Error","http-bio-8085-exec-10","12/08/11","16:48:01",,"Constraint ""FKC01C884EF10ECD0"" not found; SQL statement: alter table cb_entryCategories drop constraint FKC01C884EF10ECD0 [90057-162]"
"Error","http-bio-8085-exec-10","12/08/11","16:48:01",,"Constraint ""FKC01C884E9BD3CEE6"" not found; SQL statement: alter table cb_entryCategories drop constraint FKC01C884E9BD3CEE6 [90057-162]"
"Error","http-bio-8085-exec-10","12/08/11","16:48:01",,"Constraint ""FK21B2F26FAA6AC0EA"" not found; SQL statement: alter table cb_page drop constraint FK21B2F26FAA6AC0EA [90057-162]"
"Error","http-bio-8085-exec-10","12/08/11","16:48:01",,"Constraint ""FK21B2F26F67BCE10D"" not found; SQL statement: alter table cb_page drop constraint FK21B2F26F67BCE10D [90057-162]"
"Error","http-bio-8085-exec-10","12/08/11","16:48:01",,"Constraint ""FKDCCC1A4E9724FA40"" not found; SQL statement: alter table cb_rolePermissions drop constraint FKDCCC1A4E9724FA40 [90057-162]"
"Error","http-bio-8085-exec-10","12/08/11","16:48:01",,"Constraint ""FKDCCC1A4E37C1A3F2"" not found; SQL statement: alter table cb_rolePermissions drop constraint FKDCCC1A4E37C1A3F2 [90057-162]"
"Error","http-bio-8085-exec-10","12/08/11","16:48:01",,"Error during DDL export"
"Error","http-bio-8085-exec-10","12/08/11","16:48:01","ContentBox-Shell-4623D52E8981B4CD30A5509E5C5D51AD","Error in executing the DDL.Index ""IDX_SLUG"" already exists; SQL statement: create index idx_slug on cb_entry (slug) [42111-162]Other Errors :     <ul><li>Constraint ""FK14167492AA6AC0EA"" not found; SQL statement: alter table cb_entry drop constraint FK14167492AA6AC0EA [90057-162]</li><li>Constraint ""FKC01C884EF10ECD0"" not found; SQL statement: alter table cb_entryCategories drop constraint FKC01C884EF10ECD0 [90057-162]</li><li>Constraint ""FKC01C884E9BD3CEE6"" not found; SQL statement: alter table cb_entryCategories drop constraint FKC01C884E9BD3CEE6 [90057-162]</li><li>Constraint ""FK21B2F26FAA6AC0EA"" not found; SQL statement: alter table cb_page drop constraint FK21B2F26FAA6AC0EA [90057-162]</li><li>Constraint ""FK21B2F26F67BCE10D"" not found; SQL statement: alter table cb_page drop constraint FK21B2F26F67BCE10D [90057-162]</li><li>Constraint ""FKDCCC1A4E9724FA40"" not found; SQL statement: alter table cb_rolePermissions drop constraint FKDCCC1A4E9724FA40 [90057-162]</li><li>Constraint ""FKDCCC1A4E37C1A3F2"" not foun... The specific sequence of files included or processed is: /Users/lmajano/Downloads/contentbox-express-acf/www/ROOT/index.cfm'' "
"Error","http-bio-8085-exec-9","12/08/11","16:48:03",,"Constraint ""FK14167492AA6AC0EA"" not found; SQL statement: alter table cb_entry drop constraint FK14167492AA6AC0EA [90057-162]"
"Error","http-bio-8085-exec-9","12/08/11","16:48:03",,"Constraint ""FKC01C884EF10ECD0"" not found; SQL statement: alter table cb_entryCategories drop constraint FKC01C884EF10ECD0 [90057-162]"
"Error","http-bio-8085-exec-9","12/08/11","16:48:03",,"Constraint ""FKC01C884E9BD3CEE6"" not found; SQL statement: alter table cb_entryCategories drop constraint FKC01C884E9BD3CEE6 [90057-162]"
"Error","http-bio-8085-exec-9","12/08/11","16:48:03",,"Constraint ""FK21B2F26FAA6AC0EA"" not found; SQL statement: alter table cb_page drop constraint FK21B2F26FAA6AC0EA [90057-162]"
"Error","http-bio-8085-exec-9","12/08/11","16:48:03",,"Constraint ""FK21B2F26F67BCE10D"" not found; SQL statement: alter table cb_page drop constraint FK21B2F26F67BCE10D [90057-162]"
"Error","http-bio-8085-exec-9","12/08/11","16:48:03",,"Constraint ""FKDCCC1A4E9724FA40"" not found; SQL statement: alter table cb_rolePermissions drop constraint FKDCCC1A4E9724FA40 [90057-162]"
"Error","http-bio-8085-exec-9","12/08/11","16:48:03",,"Constraint ""FKDCCC1A4E37C1A3F2"" not found; SQL statement: alter table cb_rolePermissions drop constraint FKDCCC1A4E37C1A3F2 [90057-162]"
"Error","http-bio-8085-exec-9","12/08/11","16:48:03",,"Error during DDL export"
"Error","http-bio-8085-exec-9","12/08/11","16:48:03","ContentBox-Shell-4623D52E8981B4CD30A5509E5C5D51AD","Error in executing the DDL.Index ""IDX_SLUG"" already exists; SQL statement: create index idx_slug on cb_entry (slug) [42111-162]Other Errors :     <ul><li>Constraint ""FK14167492AA6AC0EA"" not found; SQL statement: alter table cb_entry drop constraint FK14167492AA6AC0EA [90057-162]</li><li>Constraint ""FKC01C884EF10ECD0"" not found; SQL statement: alter table cb_entryCategories drop constraint FKC01C884EF10ECD0 [90057-162]</li><li>Constraint ""FKC01C884E9BD3CEE6"" not found; SQL statement: alter table cb_entryCategories drop constraint FKC01C884E9BD3CEE6 [90057-162]</li><li>Constraint ""FK21B2F26FAA6AC0EA"" not found; SQL statement: alter table cb_page drop constraint FK21B2F26FAA6AC0EA [90057-162]</li><li>Constraint ""FK21B2F26F67BCE10D"" not found; SQL statement: alter table cb_page drop constraint FK21B2F26F67BCE10D [90057-162]</li><li>Constraint ""FKDCCC1A4E9724FA40"" not found; SQL statement: alter table cb_rolePermissions drop constraint FKDCCC1A4E9724FA40 [90057-162]</li><li>Constraint ""FKDCCC1A4E37C1A3F2"" not foun... The specific sequence of files included or processed is: /Users/lmajano/Downloads/contentbox-express-acf/www/ROOT/index.cfm'' "
"Error","http-bio-8085-exec-3","12/08/11","16:48:29",,"Constraint ""FK14167492AA6AC0EA"" not found; SQL statement: alter table cb_entry drop constraint FK14167492AA6AC0EA [90057-162]"
"Error","http-bio-8085-exec-3","12/08/11","16:48:29",,"Constraint ""FKC01C884EF10ECD0"" not found; SQL statement: alter table cb_entryCategories drop constraint FKC01C884EF10ECD0 [90057-162]"
"Error","http-bio-8085-exec-3","12/08/11","16:48:29",,"Constraint ""FKC01C884E9BD3CEE6"" not found; SQL statement: alter table cb_entryCategories drop constraint FKC01C884E9BD3CEE6 [90057-162]"
"Error","http-bio-8085-exec-3","12/08/11","16:48:29",,"Constraint ""FK21B2F26FAA6AC0EA"" not found; SQL statement: alter table cb_page drop constraint FK21B2F26FAA6AC0EA [90057-162]"
"Error","http-bio-8085-exec-3","12/08/11","16:48:29",,"Constraint ""FK21B2F26F67BCE10D"" not found; SQL statement: alter table cb_page drop constraint FK21B2F26F67BCE10D [90057-162]"
"Error","http-bio-8085-exec-3","12/08/11","16:48:29",,"Constraint ""FKDCCC1A4E9724FA40"" not found; SQL statement: alter table cb_rolePermissions drop constraint FKDCCC1A4E9724FA40 [90057-162]"
"Error","http-bio-8085-exec-3","12/08/11","16:48:29",,"Constraint ""FKDCCC1A4E37C1A3F2"" not found; SQL statement: alter table cb_rolePermissions drop constraint FKDCCC1A4E37C1A3F2 [90057-162]"
"Error","http-bio-8085-exec-3","12/08/11","16:48:29",,"Error during DDL export"
"Error","http-bio-8085-exec-3","12/08/11","16:48:29","ContentBox-Shell-4623D52E8981B4CD30A5509E5C5D51AD","Error in executing the DDL.Index ""IDX_SLUG"" already exists; SQL statement: create index idx_slug on cb_entry (slug) [42111-162]Other Errors :     <ul><li>Constraint ""FK14167492AA6AC0EA"" not found; SQL statement: alter table cb_entry drop constraint FK14167492AA6AC0EA [90057-162]</li><li>Constraint ""FKC01C884EF10ECD0"" not found; SQL statement: alter table cb_entryCategories drop constraint FKC01C884EF10ECD0 [90057-162]</li><li>Constraint ""FKC01C884E9BD3CEE6"" not found; SQL statement: alter table cb_entryCategories drop constraint FKC01C884E9BD3CEE6 [90057-162]</li><li>Constraint ""FK21B2F26FAA6AC0EA"" not found; SQL statement: alter table cb_page drop constraint FK21B2F26FAA6AC0EA [90057-162]</li><li>Constraint ""FK21B2F26F67BCE10D"" not found; SQL statement: alter table cb_page drop constraint FK21B2F26F67BCE10D [90057-162]</li><li>Constraint ""FKDCCC1A4E9724FA40"" not found; SQL statement: alter table cb_rolePermissions drop constraint FKDCCC1A4E9724FA40 [90057-162]</li><li>Constraint ""FKDCCC1A4E37C1A3F2"" not foun... The specific sequence of files included or processed is: /Users/lmajano/Downloads/contentbox-express-acf/www/ROOT/index.cfm'' "
"Error","http-bio-8085-exec-2","12/08/11","16:48:36",,"Constraint ""FK14167492AA6AC0EA"" not found; SQL statement: alter table cb_entry drop constraint FK14167492AA6AC0EA [90057-162]"
"Error","http-bio-8085-exec-2","12/08/11","16:48:36",,"Constraint ""FKC01C884EF10ECD0"" not found; SQL statement: alter table cb_entryCategories drop constraint FKC01C884EF10ECD0 [90057-162]"
"Error","http-bio-8085-exec-2","12/08/11","16:48:36",,"Constraint ""FKC01C884E9BD3CEE6"" not found; SQL statement: alter table cb_entryCategories drop constraint FKC01C884E9BD3CEE6 [90057-162]"
"Error","http-bio-8085-exec-2","12/08/11","16:48:36",,"Constraint ""FK21B2F26FAA6AC0EA"" not found; SQL statement: alter table cb_page drop constraint FK21B2F26FAA6AC0EA [90057-162]"
"Error","http-bio-8085-exec-2","12/08/11","16:48:36",,"Constraint ""FK21B2F26F67BCE10D"" not found; SQL statement: alter table cb_page drop constraint FK21B2F26F67BCE10D [90057-162]"
"Error","http-bio-8085-exec-2","12/08/11","16:48:36",,"Constraint ""FKDCCC1A4E9724FA40"" not found; SQL statement: alter table cb_rolePermissions drop constraint FKDCCC1A4E9724FA40 [90057-162]"
"Error","http-bio-8085-exec-2","12/08/11","16:48:36",,"Constraint ""FKDCCC1A4E37C1A3F2"" not found; SQL statement: alter table cb_rolePermissions drop constraint FKDCCC1A4E37C1A3F2 [90057-162]"
"Error","http-bio-8085-exec-2","12/08/11","16:48:36",,"Error during DDL export"
"Error","http-bio-8085-exec-2","12/08/11","16:48:36","ContentBox-Shell-4623D52E8981B4CD30A5509E5C5D51AD","Error in executing the DDL.Index ""IDX_SLUG"" already exists; SQL statement: create index idx_slug on cb_entry (slug) [42111-162]Other Errors :     <ul><li>Constraint ""FK14167492AA6AC0EA"" not found; SQL statement: alter table cb_entry drop constraint FK14167492AA6AC0EA [90057-162]</li><li>Constraint ""FKC01C884EF10ECD0"" not found; SQL statement: alter table cb_entryCategories drop constraint FKC01C884EF10ECD0 [90057-162]</li><li>Constraint ""FKC01C884E9BD3CEE6"" not found; SQL statement: alter table cb_entryCategories drop constraint FKC01C884E9BD3CEE6 [90057-162]</li><li>Constraint ""FK21B2F26FAA6AC0EA"" not found; SQL statement: alter table cb_page drop constraint FK21B2F26FAA6AC0EA [90057-162]</li><li>Constraint ""FK21B2F26F67BCE10D"" not found; SQL statement: alter table cb_page drop constraint FK21B2F26F67BCE10D [90057-162]</li><li>Constraint ""FKDCCC1A4E9724FA40"" not found; SQL statement: alter table cb_rolePermissions drop constraint FKDCCC1A4E9724FA40 [90057-162]</li><li>Constraint ""FKDCCC1A4E37C1A3F2"" not foun... The specific sequence of files included or processed is: /Users/lmajano/Downloads/contentbox-express-acf/www/ROOT/index.cfm'' "
"Error","http-bio-8085-exec-7","12/08/11","16:49:35",,"Constraint ""FK14167492AA6AC0EA"" not found; SQL statement: alter table cb_entry drop constraint FK14167492AA6AC0EA [90057-162]"
"Error","http-bio-8085-exec-7","12/08/11","16:49:35",,"Constraint ""FKC01C884EF10ECD0"" not found; SQL statement: alter table cb_entryCategories drop constraint FKC01C884EF10ECD0 [90057-162]"
"Error","http-bio-8085-exec-7","12/08/11","16:49:35",,"Constraint ""FKC01C884E9BD3CEE6"" not found; SQL statement: alter table cb_entryCategories drop constraint FKC01C884E9BD3CEE6 [90057-162]"
"Error","http-bio-8085-exec-7","12/08/11","16:49:35",,"Constraint ""FK21B2F26FAA6AC0EA"" not found; SQL statement: alter table cb_page drop constraint FK21B2F26FAA6AC0EA [90057-162]"
"Error","http-bio-8085-exec-7","12/08/11","16:49:35",,"Constraint ""FK21B2F26F67BCE10D"" not found; SQL statement: alter table cb_page drop constraint FK21B2F26F67BCE10D [90057-162]"
"Error","http-bio-8085-exec-7","12/08/11","16:49:35",,"Constraint ""FKDCCC1A4E9724FA40"" not found; SQL statement: alter table cb_rolePermissions drop constraint FKDCCC1A4E9724FA40 [90057-162]"
"Error","http-bio-8085-exec-7","12/08/11","16:49:35",,"Constraint ""FKDCCC1A4E37C1A3F2"" not found; SQL statement: alter table cb_rolePermissions drop constraint FKDCCC1A4E37C1A3F2 [90057-162]"
"Error","http-bio-8085-exec-7","12/08/11","16:49:35",,"Error during DDL export"
"Error","http-bio-8085-exec-7","12/08/11","16:49:35","ContentBox-Shell-4623D52E8981B4CD30A5509E5C5D51AD","Error in executing the DDL.Index ""IDX_CREATEDDATE"" already exists; SQL statement: create index idx_createdDate on cb_entry (createdDate) [42111-162]Other Errors :     <ul><li>Constraint ""FK14167492AA6AC0EA"" not found; SQL statement: alter table cb_entry drop constraint FK14167492AA6AC0EA [90057-162]</li><li>Constraint ""FKC01C884EF10ECD0"" not found; SQL statement: alter table cb_entryCategories drop constraint FKC01C884EF10ECD0 [90057-162]</li><li>Constraint ""FKC01C884E9BD3CEE6"" not found; SQL statement: alter table cb_entryCategories drop constraint FKC01C884E9BD3CEE6 [90057-162]</li><li>Constraint ""FK21B2F26FAA6AC0EA"" not found; SQL statement: alter table cb_page drop constraint FK21B2F26FAA6AC0EA [90057-162]</li><li>Constraint ""FK21B2F26F67BCE10D"" not found; SQL statement: alter table cb_page drop constraint FK21B2F26F67BCE10D [90057-162]</li><li>Constraint ""FKDCCC1A4E9724FA40"" not found; SQL statement: alter table cb_rolePermissions drop constraint FKDCCC1A4E9724FA40 [90057-162]</li><li>Constraint ""FKDCCC1... The specific sequence of files included or processed is: /Users/lmajano/Downloads/contentbox-express-acf/www/ROOT/index.cfm'' "
"Error","http-bio-8085-exec-5","12/08/11","16:49:38",,"Constraint ""FK14167492AA6AC0EA"" not found; SQL statement: alter table cb_entry drop constraint FK14167492AA6AC0EA [90057-162]"
"Error","http-bio-8085-exec-5","12/08/11","16:49:38",,"Constraint ""FKC01C884EF10ECD0"" not found; SQL statement: alter table cb_entryCategories drop constraint FKC01C884EF10ECD0 [90057-162]"
"Error","http-bio-8085-exec-5","12/08/11","16:49:38",,"Constraint ""FKC01C884E9BD3CEE6"" not found; SQL statement: alter table cb_entryCategories drop constraint FKC01C884E9BD3CEE6 [90057-162]"
"Error","http-bio-8085-exec-5","12/08/11","16:49:38",,"Constraint ""FK21B2F26FAA6AC0EA"" not found; SQL statement: alter table cb_page drop constraint FK21B2F26FAA6AC0EA [90057-162]"
"Error","http-bio-8085-exec-5","12/08/11","16:49:38",,"Constraint ""FK21B2F26F67BCE10D"" not found; SQL statement: alter table cb_page drop constraint FK21B2F26F67BCE10D [90057-162]"
"Error","http-bio-8085-exec-5","12/08/11","16:49:38",,"Constraint ""FKDCCC1A4E9724FA40"" not found; SQL statement: alter table cb_rolePermissions drop constraint FKDCCC1A4E9724FA40 [90057-162]"
"Error","http-bio-8085-exec-5","12/08/11","16:49:38",,"Constraint ""FKDCCC1A4E37C1A3F2"" not found; SQL statement: alter table cb_rolePermissions drop constraint FKDCCC1A4E37C1A3F2 [90057-162]"
"Error","http-bio-8085-exec-5","12/08/11","16:49:38",,"Error during DDL export"
"Error","http-bio-8085-exec-5","12/08/11","16:49:38","ContentBox-Shell-4623D52E8981B4CD30A5509E5C5D51AD","Error in executing the DDL.Index ""IDX_CREATEDDATE"" already exists; SQL statement: create index idx_createdDate on cb_entry (createdDate) [42111-162]Other Errors :     <ul><li>Constraint ""FK14167492AA6AC0EA"" not found; SQL statement: alter table cb_entry drop constraint FK14167492AA6AC0EA [90057-162]</li><li>Constraint ""FKC01C884EF10ECD0"" not found; SQL statement: alter table cb_entryCategories drop constraint FKC01C884EF10ECD0 [90057-162]</li><li>Constraint ""FKC01C884E9BD3CEE6"" not found; SQL statement: alter table cb_entryCategories drop constraint FKC01C884E9BD3CEE6 [90057-162]</li><li>Constraint ""FK21B2F26FAA6AC0EA"" not found; SQL statement: alter table cb_page drop constraint FK21B2F26FAA6AC0EA [90057-162]</li><li>Constraint ""FK21B2F26F67BCE10D"" not found; SQL statement: alter table cb_page drop constraint FK21B2F26F67BCE10D [90057-162]</li><li>Constraint ""FKDCCC1A4E9724FA40"" not found; SQL statement: alter table cb_rolePermissions drop constraint FKDCCC1A4E9724FA40 [90057-162]</li><li>Constraint ""FKDCCC1... The specific sequence of files included or processed is: /Users/lmajano/Downloads/contentbox-express-acf/www/ROOT/index.cfm'' "
"Error","http-bio-8085-exec-4","12/08/11","16:50:26",,"Constraint ""FK14167492AA6AC0EA"" not found; SQL statement: alter table cb_entry drop constraint FK14167492AA6AC0EA [90057-162]"
"Error","http-bio-8085-exec-4","12/08/11","16:50:27",,"Constraint ""FKC01C884EF10ECD0"" not found; SQL statement: alter table cb_entryCategories drop constraint FKC01C884EF10ECD0 [90057-162]"
"Error","http-bio-8085-exec-4","12/08/11","16:50:27",,"Constraint ""FKC01C884E9BD3CEE6"" not found; SQL statement: alter table cb_entryCategories drop constraint FKC01C884E9BD3CEE6 [90057-162]"
"Error","http-bio-8085-exec-4","12/08/11","16:50:27",,"Constraint ""FK21B2F26FAA6AC0EA"" not found; SQL statement: alter table cb_page drop constraint FK21B2F26FAA6AC0EA [90057-162]"
"Error","http-bio-8085-exec-4","12/08/11","16:50:27",,"Constraint ""FK21B2F26F67BCE10D"" not found; SQL statement: alter table cb_page drop constraint FK21B2F26F67BCE10D [90057-162]"
"Error","http-bio-8085-exec-4","12/08/11","16:50:27",,"Constraint ""FKDCCC1A4E9724FA40"" not found; SQL statement: alter table cb_rolePermissions drop constraint FKDCCC1A4E9724FA40 [90057-162]"
"Error","http-bio-8085-exec-4","12/08/11","16:50:27",,"Constraint ""FKDCCC1A4E37C1A3F2"" not found; SQL statement: alter table cb_rolePermissions drop constraint FKDCCC1A4E37C1A3F2 [90057-162]"
"Error","http-bio-8085-exec-4","12/08/11","16:50:27",,"Error during DDL export"
"Error","http-bio-8085-exec-4","12/08/11","16:50:27","ContentBox-Shell-4623D52E8981B4CD30A5509E5C5D51AD","Error in executing the DDL.Index ""IDX_CREATEDDATE"" already exists; SQL statement: create index idx_createdDate on cb_entry (createdDate) [42111-162]Other Errors :     <ul><li>Constraint ""FK14167492AA6AC0EA"" not found; SQL statement: alter table cb_entry drop constraint FK14167492AA6AC0EA [90057-162]</li><li>Constraint ""FKC01C884EF10ECD0"" not found; SQL statement: alter table cb_entryCategories drop constraint FKC01C884EF10ECD0 [90057-162]</li><li>Constraint ""FKC01C884E9BD3CEE6"" not found; SQL statement: alter table cb_entryCategories drop constraint FKC01C884E9BD3CEE6 [90057-162]</li><li>Constraint ""FK21B2F26FAA6AC0EA"" not found; SQL statement: alter table cb_page drop constraint FK21B2F26FAA6AC0EA [90057-162]</li><li>Constraint ""FK21B2F26F67BCE10D"" not found; SQL statement: alter table cb_page drop constraint FK21B2F26F67BCE10D [90057-162]</li><li>Constraint ""FKDCCC1A4E9724FA40"" not found; SQL statement: alter table cb_rolePermissions drop constraint FKDCCC1A4E9724FA40 [90057-162]</li><li>Constraint ""FKDCCC1... The specific sequence of files included or processed is: /Users/lmajano/Downloads/contentbox-express-acf/www/ROOT/index.cfm'' "
"Error","http-bio-8085-exec-8","12/08/11","16:50:28",,"Constraint ""FK14167492AA6AC0EA"" not found; SQL statement: alter table cb_entry drop constraint FK14167492AA6AC0EA [90057-162]"
"Error","http-bio-8085-exec-8","12/08/11","16:50:28",,"Constraint ""FKC01C884EF10ECD0"" not found; SQL statement: alter table cb_entryCategories drop constraint FKC01C884EF10ECD0 [90057-162]"
"Error","http-bio-8085-exec-8","12/08/11","16:50:28",,"Constraint ""FKC01C884E9BD3CEE6"" not found; SQL statement: alter table cb_entryCategories drop constraint FKC01C884E9BD3CEE6 [90057-162]"
"Error","http-bio-8085-exec-8","12/08/11","16:50:28",,"Constraint ""FK21B2F26FAA6AC0EA"" not found; SQL statement: alter table cb_page drop constraint FK21B2F26FAA6AC0EA [90057-162]"
"Error","http-bio-8085-exec-8","12/08/11","16:50:28",,"Constraint ""FK21B2F26F67BCE10D"" not found; SQL statement: alter table cb_page drop constraint FK21B2F26F67BCE10D [90057-162]"
"Error","http-bio-8085-exec-8","12/08/11","16:50:28",,"Constraint ""FKDCCC1A4E9724FA40"" not found; SQL statement: alter table cb_rolePermissions drop constraint FKDCCC1A4E9724FA40 [90057-162]"
"Error","http-bio-8085-exec-8","12/08/11","16:50:28",,"Constraint ""FKDCCC1A4E37C1A3F2"" not found; SQL statement: alter table cb_rolePermissions drop constraint FKDCCC1A4E37C1A3F2 [90057-162]"
"Error","http-bio-8085-exec-8","12/08/11","16:50:28",,"Error during DDL export"
"Error","http-bio-8085-exec-8","12/08/11","16:50:28","ContentBox-Shell-4623D52E8981B4CD30A5509E5C5D51AD","Error in executing the DDL.Index ""IDX_CREATEDDATE"" already exists; SQL statement: create index idx_createdDate on cb_entry (createdDate) [42111-162]Other Errors :     <ul><li>Constraint ""FK14167492AA6AC0EA"" not found; SQL statement: alter table cb_entry drop constraint FK14167492AA6AC0EA [90057-162]</li><li>Constraint ""FKC01C884EF10ECD0"" not found; SQL statement: alter table cb_entryCategories drop constraint FKC01C884EF10ECD0 [90057-162]</li><li>Constraint ""FKC01C884E9BD3CEE6"" not found; SQL statement: alter table cb_entryCategories drop constraint FKC01C884E9BD3CEE6 [90057-162]</li><li>Constraint ""FK21B2F26FAA6AC0EA"" not found; SQL statement: alter table cb_page drop constraint FK21B2F26FAA6AC0EA [90057-162]</li><li>Constraint ""FK21B2F26F67BCE10D"" not found; SQL statement: alter table cb_page drop constraint FK21B2F26F67BCE10D [90057-162]</li><li>Constraint ""FKDCCC1A4E9724FA40"" not found; SQL statement: alter table cb_rolePermissions drop constraint FKDCCC1A4E9724FA40 [90057-162]</li><li>Constraint ""FKDCCC1... The specific sequence of files included or processed is: /Users/lmajano/Downloads/contentbox-express-acf/www/ROOT/index.cfm'' "
"Error","http-bio-8085-exec-1","12/08/11","16:50:29",,"Constraint ""FK14167492AA6AC0EA"" not found; SQL statement: alter table cb_entry drop constraint FK14167492AA6AC0EA [90057-162]"
"Error","http-bio-8085-exec-1","12/08/11","16:50:29",,"Constraint ""FKC01C884EF10ECD0"" not found; SQL statement: alter table cb_entryCategories drop constraint FKC01C884EF10ECD0 [90057-162]"
"Error","http-bio-8085-exec-1","12/08/11","16:50:29",,"Constraint ""FKC01C884E9BD3CEE6"" not found; SQL statement: alter table cb_entryCategories drop constraint FKC01C884E9BD3CEE6 [90057-162]"
"Error","http-bio-8085-exec-1","12/08/11","16:50:29",,"Constraint ""FK21B2F26FAA6AC0EA"" not found; SQL statement: alter table cb_page drop constraint FK21B2F26FAA6AC0EA [90057-162]"
"Error","http-bio-8085-exec-1","12/08/11","16:50:29",,"Constraint ""FK21B2F26F67BCE10D"" not found; SQL statement: alter table cb_page drop constraint FK21B2F26F67BCE10D [90057-162]"
"Error","http-bio-8085-exec-1","12/08/11","16:50:29",,"Constraint ""FKDCCC1A4E9724FA40"" not found; SQL statement: alter table cb_rolePermissions drop constraint FKDCCC1A4E9724FA40 [90057-162]"
"Error","http-bio-8085-exec-1","12/08/11","16:50:29",,"Constraint ""FKDCCC1A4E37C1A3F2"" not found; SQL statement: alter table cb_rolePermissions drop constraint FKDCCC1A4E37C1A3F2 [90057-162]"
"Error","http-bio-8085-exec-1","12/08/11","16:50:29",,"Error during DDL export"
"Error","http-bio-8085-exec-1","12/08/11","16:50:29","ContentBox-Shell-4623D52E8981B4CD30A5509E5C5D51AD","Error in executing the DDL.Index ""IDX_CREATEDDATE"" already exists; SQL statement: create index idx_createdDate on cb_entry (createdDate) [42111-162]Other Errors :     <ul><li>Constraint ""FK14167492AA6AC0EA"" not found; SQL statement: alter table cb_entry drop constraint FK14167492AA6AC0EA [90057-162]</li><li>Constraint ""FKC01C884EF10ECD0"" not found; SQL statement: alter table cb_entryCategories drop constraint FKC01C884EF10ECD0 [90057-162]</li><li>Constraint ""FKC01C884E9BD3CEE6"" not found; SQL statement: alter table cb_entryCategories drop constraint FKC01C884E9BD3CEE6 [90057-162]</li><li>Constraint ""FK21B2F26FAA6AC0EA"" not found; SQL statement: alter table cb_page drop constraint FK21B2F26FAA6AC0EA [90057-162]</li><li>Constraint ""FK21B2F26F67BCE10D"" not found; SQL statement: alter table cb_page drop constraint FK21B2F26F67BCE10D [90057-162]</li><li>Constraint ""FKDCCC1A4E9724FA40"" not found; SQL statement: alter table cb_rolePermissions drop constraint FKDCCC1A4E9724FA40 [90057-162]</li><li>Constraint ""FKDCCC1... The specific sequence of files included or processed is: /Users/lmajano/Downloads/contentbox-express-acf/www/ROOT/index.cfm'' "
"Error","http-bio-8085-exec-6","12/08/11","16:50:46",,"Constraint ""FK14167492AA6AC0EA"" not found; SQL statement: alter table cb_entry drop constraint FK14167492AA6AC0EA [90057-162]"
"Error","http-bio-8085-exec-6","12/08/11","16:50:46",,"Constraint ""FKC01C884EF10ECD0"" not found; SQL statement: alter table cb_entryCategories drop constraint FKC01C884EF10ECD0 [90057-162]"
"Error","http-bio-8085-exec-6","12/08/11","16:50:46",,"Constraint ""FKC01C884E9BD3CEE6"" not found; SQL statement: alter table cb_entryCategories drop constraint FKC01C884E9BD3CEE6 [90057-162]"
"Error","http-bio-8085-exec-6","12/08/11","16:50:46",,"Constraint ""FK21B2F26FAA6AC0EA"" not found; SQL statement: alter table cb_page drop constraint FK21B2F26FAA6AC0EA [90057-162]"
"Error","http-bio-8085-exec-6","12/08/11","16:50:46",,"Constraint ""FK21B2F26F67BCE10D"" not found; SQL statement: alter table cb_page drop constraint FK21B2F26F67BCE10D [90057-162]"
"Error","http-bio-8085-exec-6","12/08/11","16:50:46",,"Constraint ""FKDCCC1A4E9724FA40"" not found; SQL statement: alter table cb_rolePermissions drop constraint FKDCCC1A4E9724FA40 [90057-162]"
"Error","http-bio-8085-exec-6","12/08/11","16:50:46",,"Constraint ""FKDCCC1A4E37C1A3F2"" not found; SQL statement: alter table cb_rolePermissions drop constraint FKDCCC1A4E37C1A3F2 [90057-162]"
"Error","http-bio-8085-exec-6","12/08/11","16:50:46",,"Error during DDL export"
"Error","http-bio-8085-exec-6","12/08/11","16:50:46","ContentBox-Shell-4623D52E8981B4CD30A5509E5C5D51AD","Error in executing the DDL.Index ""IDX_CREATEDDATE"" already exists; SQL statement: create index idx_createdDate on cb_entry (createdDate) [42111-162]Other Errors :     <ul><li>Constraint ""FK14167492AA6AC0EA"" not found; SQL statement: alter table cb_entry drop constraint FK14167492AA6AC0EA [90057-162]</li><li>Constraint ""FKC01C884EF10ECD0"" not found; SQL statement: alter table cb_entryCategories drop constraint FKC01C884EF10ECD0 [90057-162]</li><li>Constraint ""FKC01C884E9BD3CEE6"" not found; SQL statement: alter table cb_entryCategories drop constraint FKC01C884E9BD3CEE6 [90057-162]</li><li>Constraint ""FK21B2F26FAA6AC0EA"" not found; SQL statement: alter table cb_page drop constraint FK21B2F26FAA6AC0EA [90057-162]</li><li>Constraint ""FK21B2F26F67BCE10D"" not found; SQL statement: alter table cb_page drop constraint FK21B2F26F67BCE10D [90057-162]</li><li>Constraint ""FKDCCC1A4E9724FA40"" not found; SQL statement: alter table cb_rolePermissions drop constraint FKDCCC1A4E9724FA40 [90057-162]</li><li>Constraint ""FKDCCC1... The specific sequence of files included or processed is: /Users/lmajano/Downloads/contentbox-express-acf/www/ROOT/index.cfm'' "
"Error","http-bio-8085-exec-10","12/08/11","16:51:13",,"Constraint ""FK14167492AA6AC0EA"" not found; SQL statement: alter table cb_entry drop constraint FK14167492AA6AC0EA [90057-162]"
"Error","http-bio-8085-exec-10","12/08/11","16:51:13",,"Constraint ""FKC01C884EF10ECD0"" not found; SQL statement: alter table cb_entryCategories drop constraint FKC01C884EF10ECD0 [90057-162]"
"Error","http-bio-8085-exec-10","12/08/11","16:51:13",,"Constraint ""FKC01C884E9BD3CEE6"" not found; SQL statement: alter table cb_entryCategories drop constraint FKC01C884E9BD3CEE6 [90057-162]"
"Error","http-bio-8085-exec-10","12/08/11","16:51:13",,"Constraint ""FK21B2F26FAA6AC0EA"" not found; SQL statement: alter table cb_page drop constraint FK21B2F26FAA6AC0EA [90057-162]"
"Error","http-bio-8085-exec-10","12/08/11","16:51:13",,"Constraint ""FK21B2F26F67BCE10D"" not found; SQL statement: alter table cb_page drop constraint FK21B2F26F67BCE10D [90057-162]"
"Error","http-bio-8085-exec-10","12/08/11","16:51:13",,"Constraint ""FKDCCC1A4E9724FA40"" not found; SQL statement: alter table cb_rolePermissions drop constraint FKDCCC1A4E9724FA40 [90057-162]"
"Error","http-bio-8085-exec-10","12/08/11","16:51:13",,"Constraint ""FKDCCC1A4E37C1A3F2"" not found; SQL statement: alter table cb_rolePermissions drop constraint FKDCCC1A4E37C1A3F2 [90057-162]"
"Error","http-bio-8085-exec-10","12/08/11","16:51:13",,"Error during DDL export"
"Error","http-bio-8085-exec-10","12/08/11","16:51:13","ContentBox-Shell-4623D52E8981B4CD30A5509E5C5D51AD","Error in executing the DDL.Index ""IDX_CREATEDDATE"" already exists; SQL statement: create index idx_createdDate on cb_entry (createdDate) [42111-162]Other Errors :     <ul><li>Constraint ""FK14167492AA6AC0EA"" not found; SQL statement: alter table cb_entry drop constraint FK14167492AA6AC0EA [90057-162]</li><li>Constraint ""FKC01C884EF10ECD0"" not found; SQL statement: alter table cb_entryCategories drop constraint FKC01C884EF10ECD0 [90057-162]</li><li>Constraint ""FKC01C884E9BD3CEE6"" not found; SQL statement: alter table cb_entryCategories drop constraint FKC01C884E9BD3CEE6 [90057-162]</li><li>Constraint ""FK21B2F26FAA6AC0EA"" not found; SQL statement: alter table cb_page drop constraint FK21B2F26FAA6AC0EA [90057-162]</li><li>Constraint ""FK21B2F26F67BCE10D"" not found; SQL statement: alter table cb_page drop constraint FK21B2F26F67BCE10D [90057-162]</li><li>Constraint ""FKDCCC1A4E9724FA40"" not found; SQL statement: alter table cb_rolePermissions drop constraint FKDCCC1A4E9724FA40 [90057-162]</li><li>Constraint ""FKDCCC1... The specific sequence of files included or processed is: /Users/lmajano/Downloads/contentbox-express-acf/www/ROOT/index.cfm'' "
"Error","http-bio-8085-exec-9","12/08/11","16:51:15",,"Constraint ""FK14167492AA6AC0EA"" not found; SQL statement: alter table cb_entry drop constraint FK14167492AA6AC0EA [90057-162]"
"Error","http-bio-8085-exec-9","12/08/11","16:51:15",,"Constraint ""FKC01C884EF10ECD0"" not found; SQL statement: alter table cb_entryCategories drop constraint FKC01C884EF10ECD0 [90057-162]"
"Error","http-bio-8085-exec-9","12/08/11","16:51:15",,"Constraint ""FKC01C884E9BD3CEE6"" not found; SQL statement: alter table cb_entryCategories drop constraint FKC01C884E9BD3CEE6 [90057-162]"
"Error","http-bio-8085-exec-9","12/08/11","16:51:15",,"Constraint ""FK21B2F26FAA6AC0EA"" not found; SQL statement: alter table cb_page drop constraint FK21B2F26FAA6AC0EA [90057-162]"
"Error","http-bio-8085-exec-9","12/08/11","16:51:15",,"Constraint ""FK21B2F26F67BCE10D"" not found; SQL statement: alter table cb_page drop constraint FK21B2F26F67BCE10D [90057-162]"
"Error","http-bio-8085-exec-9","12/08/11","16:51:15",,"Constraint ""FKDCCC1A4E9724FA40"" not found; SQL statement: alter table cb_rolePermissions drop constraint FKDCCC1A4E9724FA40 [90057-162]"
"Error","http-bio-8085-exec-9","12/08/11","16:51:15",,"Constraint ""FKDCCC1A4E37C1A3F2"" not found; SQL statement: alter table cb_rolePermissions drop constraint FKDCCC1A4E37C1A3F2 [90057-162]"
"Error","http-bio-8085-exec-9","12/08/11","16:51:15",,"Error during DDL export"
"Error","http-bio-8085-exec-9","12/08/11","16:51:15","ContentBox-Shell-4623D52E8981B4CD30A5509E5C5D51AD","Error in executing the DDL.Index ""IDX_CREATEDDATE"" already exists; SQL statement: create index idx_createdDate on cb_entry (createdDate) [42111-162]Other Errors :     <ul><li>Constraint ""FK14167492AA6AC0EA"" not found; SQL statement: alter table cb_entry drop constraint FK14167492AA6AC0EA [90057-162]</li><li>Constraint ""FKC01C884EF10ECD0"" not found; SQL statement: alter table cb_entryCategories drop constraint FKC01C884EF10ECD0 [90057-162]</li><li>Constraint ""FKC01C884E9BD3CEE6"" not found; SQL statement: alter table cb_entryCategories drop constraint FKC01C884E9BD3CEE6 [90057-162]</li><li>Constraint ""FK21B2F26FAA6AC0EA"" not found; SQL statement: alter table cb_page drop constraint FK21B2F26FAA6AC0EA [90057-162]</li><li>Constraint ""FK21B2F26F67BCE10D"" not found; SQL statement: alter table cb_page drop constraint FK21B2F26F67BCE10D [90057-162]</li><li>Constraint ""FKDCCC1A4E9724FA40"" not found; SQL statement: alter table cb_rolePermissions drop constraint FKDCCC1A4E9724FA40 [90057-162]</li><li>Constraint ""FKDCCC1... The specific sequence of files included or processed is: /Users/lmajano/Downloads/contentbox-express-acf/www/ROOT/index.cfm'' "
"Error","http-bio-8085-exec-3","12/08/11","16:51:16",,"Constraint ""FK14167492AA6AC0EA"" not found; SQL statement: alter table cb_entry drop constraint FK14167492AA6AC0EA [90057-162]"
"Error","http-bio-8085-exec-3","12/08/11","16:51:16",,"Constraint ""FKC01C884EF10ECD0"" not found; SQL statement: alter table cb_entryCategories drop constraint FKC01C884EF10ECD0 [90057-162]"
"Error","http-bio-8085-exec-3","12/08/11","16:51:16",,"Constraint ""FKC01C884E9BD3CEE6"" not found; SQL statement: alter table cb_entryCategories drop constraint FKC01C884E9BD3CEE6 [90057-162]"
"Error","http-bio-8085-exec-3","12/08/11","16:51:16",,"Constraint ""FK21B2F26FAA6AC0EA"" not found; SQL statement: alter table cb_page drop constraint FK21B2F26FAA6AC0EA [90057-162]"
"Error","http-bio-8085-exec-3","12/08/11","16:51:16",,"Constraint ""FK21B2F26F67BCE10D"" not found; SQL statement: alter table cb_page drop constraint FK21B2F26F67BCE10D [90057-162]"
"Error","http-bio-8085-exec-3","12/08/11","16:51:16",,"Constraint ""FKDCCC1A4E9724FA40"" not found; SQL statement: alter table cb_rolePermissions drop constraint FKDCCC1A4E9724FA40 [90057-162]"
"Error","http-bio-8085-exec-3","12/08/11","16:51:16",,"Constraint ""FKDCCC1A4E37C1A3F2"" not found; SQL statement: alter table cb_rolePermissions drop constraint FKDCCC1A4E37C1A3F2 [90057-162]"
"Error","http-bio-8085-exec-3","12/08/11","16:51:16",,"Error during DDL export"
"Error","http-bio-8085-exec-3","12/08/11","16:51:16","ContentBox-Shell-4623D52E8981B4CD30A5509E5C5D51AD","Error in executing the DDL.Index ""IDX_CREATEDDATE"" already exists; SQL statement: create index idx_createdDate on cb_entry (createdDate) [42111-162]Other Errors :     <ul><li>Constraint ""FK14167492AA6AC0EA"" not found; SQL statement: alter table cb_entry drop constraint FK14167492AA6AC0EA [90057-162]</li><li>Constraint ""FKC01C884EF10ECD0"" not found; SQL statement: alter table cb_entryCategories drop constraint FKC01C884EF10ECD0 [90057-162]</li><li>Constraint ""FKC01C884E9BD3CEE6"" not found; SQL statement: alter table cb_entryCategories drop constraint FKC01C884E9BD3CEE6 [90057-162]</li><li>Constraint ""FK21B2F26FAA6AC0EA"" not found; SQL statement: alter table cb_page drop constraint FK21B2F26FAA6AC0EA [90057-162]</li><li>Constraint ""FK21B2F26F67BCE10D"" not found; SQL statement: alter table cb_page drop constraint FK21B2F26F67BCE10D [90057-162]</li><li>Constraint ""FKDCCC1A4E9724FA40"" not found; SQL statement: alter table cb_rolePermissions drop constraint FKDCCC1A4E9724FA40 [90057-162]</li><li>Constraint ""FKDCCC1... The specific sequence of files included or processed is: /Users/lmajano/Downloads/contentbox-express-acf/www/ROOT/index.cfm'' "
"Error","http-bio-8085-exec-2","12/08/11","16:51:18",,"Constraint ""FK14167492AA6AC0EA"" not found; SQL statement: alter table cb_entry drop constraint FK14167492AA6AC0EA [90057-162]"
"Error","http-bio-8085-exec-2","12/08/11","16:51:18",,"Constraint ""FKC01C884EF10ECD0"" not found; SQL statement: alter table cb_entryCategories drop constraint FKC01C884EF10ECD0 [90057-162]"
"Error","http-bio-8085-exec-2","12/08/11","16:51:18",,"Constraint ""FKC01C884E9BD3CEE6"" not found; SQL statement: alter table cb_entryCategories drop constraint FKC01C884E9BD3CEE6 [90057-162]"
"Error","http-bio-8085-exec-2","12/08/11","16:51:18",,"Constraint ""FK21B2F26FAA6AC0EA"" not found; SQL statement: alter table cb_page drop constraint FK21B2F26FAA6AC0EA [90057-162]"
"Error","http-bio-8085-exec-2","12/08/11","16:51:18",,"Constraint ""FK21B2F26F67BCE10D"" not found; SQL statement: alter table cb_page drop constraint FK21B2F26F67BCE10D [90057-162]"
"Error","http-bio-8085-exec-2","12/08/11","16:51:18",,"Constraint ""FKDCCC1A4E9724FA40"" not found; SQL statement: alter table cb_rolePermissions drop constraint FKDCCC1A4E9724FA40 [90057-162]"
"Error","http-bio-8085-exec-2","12/08/11","16:51:18",,"Constraint ""FKDCCC1A4E37C1A3F2"" not found; SQL statement: alter table cb_rolePermissions drop constraint FKDCCC1A4E37C1A3F2 [90057-162]"
"Error","http-bio-8085-exec-2","12/08/11","16:51:18",,"Error during DDL export"
"Error","http-bio-8085-exec-2","12/08/11","16:51:18","ContentBox-Shell-4623D52E8981B4CD30A5509E5C5D51AD","Error in executing the DDL.Index ""IDX_CREATEDDATE"" already exists; SQL statement: create index idx_createdDate on cb_entry (createdDate) [42111-162]Other Errors :     <ul><li>Constraint ""FK14167492AA6AC0EA"" not found; SQL statement: alter table cb_entry drop constraint FK14167492AA6AC0EA [90057-162]</li><li>Constraint ""FKC01C884EF10ECD0"" not found; SQL statement: alter table cb_entryCategories drop constraint FKC01C884EF10ECD0 [90057-162]</li><li>Constraint ""FKC01C884E9BD3CEE6"" not found; SQL statement: alter table cb_entryCategories drop constraint FKC01C884E9BD3CEE6 [90057-162]</li><li>Constraint ""FK21B2F26FAA6AC0EA"" not found; SQL statement: alter table cb_page drop constraint FK21B2F26FAA6AC0EA [90057-162]</li><li>Constraint ""FK21B2F26F67BCE10D"" not found; SQL statement: alter table cb_page drop constraint FK21B2F26F67BCE10D [90057-162]</li><li>Constraint ""FKDCCC1A4E9724FA40"" not found; SQL statement: alter table cb_rolePermissions drop constraint FKDCCC1A4E9724FA40 [90057-162]</li><li>Constraint ""FKDCCC1... The specific sequence of files included or processed is: /Users/lmajano/Downloads/contentbox-express-acf/www/ROOT/index.cfm'' "
"Error","http-bio-8085-exec-7","12/08/11","16:51:19",,"Constraint ""FK14167492AA6AC0EA"" not found; SQL statement: alter table cb_entry drop constraint FK14167492AA6AC0EA [90057-162]"
"Error","http-bio-8085-exec-7","12/08/11","16:51:19",,"Constraint ""FKC01C884EF10ECD0"" not found; SQL statement: alter table cb_entryCategories drop constraint FKC01C884EF10ECD0 [90057-162]"
"Error","http-bio-8085-exec-7","12/08/11","16:51:19",,"Constraint ""FKC01C884E9BD3CEE6"" not found; SQL statement: alter table cb_entryCategories drop constraint FKC01C884E9BD3CEE6 [90057-162]"
"Error","http-bio-8085-exec-7","12/08/11","16:51:19",,"Constraint ""FK21B2F26FAA6AC0EA"" not found; SQL statement: alter table cb_page drop constraint FK21B2F26FAA6AC0EA [90057-162]"
"Error","http-bio-8085-exec-7","12/08/11","16:51:19",,"Constraint ""FK21B2F26F67BCE10D"" not found; SQL statement: alter table cb_page drop constraint FK21B2F26F67BCE10D [90057-162]"
"Error","http-bio-8085-exec-7","12/08/11","16:51:19",,"Constraint ""FKDCCC1A4E9724FA40"" not found; SQL statement: alter table cb_rolePermissions drop constraint FKDCCC1A4E9724FA40 [90057-162]"
"Error","http-bio-8085-exec-7","12/08/11","16:51:19",,"Constraint ""FKDCCC1A4E37C1A3F2"" not found; SQL statement: alter table cb_rolePermissions drop constraint FKDCCC1A4E37C1A3F2 [90057-162]"
"Error","http-bio-8085-exec-7","12/08/11","16:51:19",,"Error during DDL export"
"Error","http-bio-8085-exec-7","12/08/11","16:51:19","ContentBox-Shell-4623D52E8981B4CD30A5509E5C5D51AD","Error in executing the DDL.Index ""IDX_CREATEDDATE"" already exists; SQL statement: create index idx_createdDate on cb_entry (createdDate) [42111-162]Other Errors :     <ul><li>Constraint ""FK14167492AA6AC0EA"" not found; SQL statement: alter table cb_entry drop constraint FK14167492AA6AC0EA [90057-162]</li><li>Constraint ""FKC01C884EF10ECD0"" not found; SQL statement: alter table cb_entryCategories drop constraint FKC01C884EF10ECD0 [90057-162]</li><li>Constraint ""FKC01C884E9BD3CEE6"" not found; SQL statement: alter table cb_entryCategories drop constraint FKC01C884E9BD3CEE6 [90057-162]</li><li>Constraint ""FK21B2F26FAA6AC0EA"" not found; SQL statement: alter table cb_page drop constraint FK21B2F26FAA6AC0EA [90057-162]</li><li>Constraint ""FK21B2F26F67BCE10D"" not found; SQL statement: alter table cb_page drop constraint FK21B2F26F67BCE10D [90057-162]</li><li>Constraint ""FKDCCC1A4E9724FA40"" not found; SQL statement: alter table cb_rolePermissions drop constraint FKDCCC1A4E9724FA40 [90057-162]</li><li>Constraint ""FKDCCC1... The specific sequence of files included or processed is: /Users/lmajano/Downloads/contentbox-express-acf/www/ROOT/index.cfm'' "
"Error","http-bio-8085-exec-4","12/08/11","19:28:15",,"'ALTER TABLE' cannot be performed on 'CB_AUTHOR' because it does not exist."
"Error","http-bio-8085-exec-4","12/08/11","19:28:16",,"'ALTER TABLE' cannot be performed on 'CB_AUTHORPERMISSIONS' because it does not exist."
"Error","http-bio-8085-exec-4","12/08/11","19:28:16",,"'ALTER TABLE' cannot be performed on 'CB_AUTHORPERMISSIONS' because it does not exist."
"Error","http-bio-8085-exec-4","12/08/11","19:28:16",,"'ALTER TABLE' cannot be performed on 'CB_COMMENT' because it does not exist."
"Error","http-bio-8085-exec-4","12/08/11","19:28:16",,"'ALTER TABLE' cannot be performed on 'CB_COMMENT' because it does not exist."
"Error","http-bio-8085-exec-4","12/08/11","19:28:16",,"'ALTER TABLE' cannot be performed on 'CB_ENTRY' because it does not exist."
"Error","http-bio-8085-exec-4","12/08/11","19:28:16",,"'ALTER TABLE' cannot be performed on 'CB_ENTRYCATEGORIES' because it does not exist."
"Error","http-bio-8085-exec-4","12/08/11","19:28:16",,"'ALTER TABLE' cannot be performed on 'CB_ENTRYCATEGORIES' because it does not exist."
"Error","http-bio-8085-exec-4","12/08/11","19:28:16",,"'ALTER TABLE' cannot be performed on 'CB_PAGE' because it does not exist."
"Error","http-bio-8085-exec-4","12/08/11","19:28:16",,"'ALTER TABLE' cannot be performed on 'CB_PAGE' because it does not exist."
"Error","http-bio-8085-exec-4","12/08/11","19:28:16",,"'ALTER TABLE' cannot be performed on 'CB_ROLEPERMISSIONS' because it does not exist."
"Error","http-bio-8085-exec-4","12/08/11","19:28:16",,"'ALTER TABLE' cannot be performed on 'CB_ROLEPERMISSIONS' because it does not exist."
"Error","http-bio-8085-exec-4","12/08/11","19:28:16",,"'DROP TABLE' cannot be performed on 'CB_AUTHOR' because it does not exist."
"Error","http-bio-8085-exec-4","12/08/11","19:28:16",,"'DROP TABLE' cannot be performed on 'CB_AUTHORPERMISSIONS' because it does not exist."
"Error","http-bio-8085-exec-4","12/08/11","19:28:16",,"'DROP TABLE' cannot be performed on 'CB_CATEGORY' because it does not exist."
"Error","http-bio-8085-exec-4","12/08/11","19:28:16",,"'DROP TABLE' cannot be performed on 'CB_COMMENT' because it does not exist."
"Error","http-bio-8085-exec-4","12/08/11","19:28:16",,"'DROP TABLE' cannot be performed on 'CB_CUSTOMHTML' because it does not exist."
"Error","http-bio-8085-exec-4","12/08/11","19:28:16",,"'DROP TABLE' cannot be performed on 'CB_ENTRY' because it does not exist."
"Error","http-bio-8085-exec-4","12/08/11","19:28:16",,"'DROP TABLE' cannot be performed on 'CB_ENTRYCATEGORIES' because it does not exist."
"Error","http-bio-8085-exec-4","12/08/11","19:28:16",,"'DROP TABLE' cannot be performed on 'CB_PAGE' because it does not exist."
"Error","http-bio-8085-exec-4","12/08/11","19:28:16",,"'DROP TABLE' cannot be performed on 'CB_PERMISION' because it does not exist."
"Error","http-bio-8085-exec-4","12/08/11","19:28:16",,"'DROP TABLE' cannot be performed on 'CB_ROLE' because it does not exist."
"Error","http-bio-8085-exec-4","12/08/11","19:28:16",,"'DROP TABLE' cannot be performed on 'CB_ROLEPERMISSIONS' because it does not exist."
"Error","http-bio-8085-exec-4","12/08/11","19:28:16",,"'DROP TABLE' cannot be performed on 'CB_SETTING' because it does not exist."
"Error","http-bio-8085-exec-4","12/08/11","19:28:16",,"Error during DDL export"
"Error","http-bio-8085-exec-4","12/08/11","19:28:16","ContentBox-Shell-4623D52E8981B4CD30A5509E5C5D51AD","Error in executing the DDL.Index 'IDX_PUBLISHED' already exists in Schema 'APP'.Other Errors :     <ul><li>'ALTER TABLE' cannot be performed on 'CB_AUTHOR' because it does not exist.</li><li>'ALTER TABLE' cannot be performed on 'CB_AUTHORPERMISSIONS' because it does not exist.</li><li>'ALTER TABLE' cannot be performed on 'CB_AUTHORPERMISSIONS' because it does not exist.</li><li>'ALTER TABLE' cannot be performed on 'CB_COMMENT' because it does not exist.</li><li>'ALTER TABLE' cannot be performed on 'CB_COMMENT' because it does not exist.</li><li>'ALTER TABLE' cannot be performed on 'CB_ENTRY' because it does not exist.</li><li>'ALTER TABLE' cannot be performed on 'CB_ENTRYCATEGORIES' because it does not exist.</li><li>'ALTER TABLE' cannot be performed on 'CB_ENTRYCATEGORIES' because it does not exist.</li><li>'ALTER TABLE' cannot be performed on 'CB_PAGE' because it does not exist.</li><li>'ALTER TABLE' cannot be performed on 'CB_PAGE' because it does not exist.</li><li>'ALTER TABLE' cannot be performed on 'CB... The specific sequence of files included or processed is: /Users/lmajano/Downloads/contentbox-express-acf/www/ROOT/index.cfm'' "
"Error","http-bio-8085-exec-4","12/08/11","20:01:23",,"ALTER TABLE failed. There is no constraint 'APP.FK21B2F26FAA6AC0EA' on table '""APP"".""CB_PAGE""'. "
"Error","http-bio-8085-exec-4","12/08/11","20:01:23",,"ALTER TABLE failed. There is no constraint 'APP.FK21B2F26F67BCE10D' on table '""APP"".""CB_PAGE""'. "
"Error","http-bio-8085-exec-4","12/08/11","20:01:23",,"ALTER TABLE failed. There is no constraint 'APP.FKDCCC1A4E9724FA40' on table '""APP"".""CB_ROLEPERMISSIONS""'. "
"Error","http-bio-8085-exec-4","12/08/11","20:01:23",,"ALTER TABLE failed. There is no constraint 'APP.FKDCCC1A4E37C1A3F2' on table '""APP"".""CB_ROLEPERMISSIONS""'. "
"Error","http-bio-8085-exec-1","12/08/11","20:08:06",,"'ALTER TABLE' cannot be performed on 'CB_AUTHOR' because it does not exist."
"Error","http-bio-8085-exec-1","12/08/11","20:08:06",,"'ALTER TABLE' cannot be performed on 'CB_AUTHORPERMISSIONS' because it does not exist."
"Error","http-bio-8085-exec-1","12/08/11","20:08:06",,"'ALTER TABLE' cannot be performed on 'CB_AUTHORPERMISSIONS' because it does not exist."
"Error","http-bio-8085-exec-1","12/08/11","20:08:06",,"'ALTER TABLE' cannot be performed on 'CB_COMMENT' because it does not exist."
"Error","http-bio-8085-exec-1","12/08/11","20:08:06",,"'ALTER TABLE' cannot be performed on 'CB_COMMENT' because it does not exist."
"Error","http-bio-8085-exec-1","12/08/11","20:08:06",,"'ALTER TABLE' cannot be performed on 'CB_ENTRY' because it does not exist."
"Error","http-bio-8085-exec-1","12/08/11","20:08:06",,"'ALTER TABLE' cannot be performed on 'CB_ENTRYCATEGORIES' because it does not exist."
"Error","http-bio-8085-exec-1","12/08/11","20:08:06",,"'ALTER TABLE' cannot be performed on 'CB_ENTRYCATEGORIES' because it does not exist."
"Error","http-bio-8085-exec-1","12/08/11","20:08:06",,"'ALTER TABLE' cannot be performed on 'CB_PAGE' because it does not exist."
"Error","http-bio-8085-exec-1","12/08/11","20:08:06",,"'ALTER TABLE' cannot be performed on 'CB_PAGE' because it does not exist."
"Error","http-bio-8085-exec-1","12/08/11","20:08:06",,"'ALTER TABLE' cannot be performed on 'CB_ROLEPERMISSIONS' because it does not exist."
"Error","http-bio-8085-exec-1","12/08/11","20:08:06",,"'ALTER TABLE' cannot be performed on 'CB_ROLEPERMISSIONS' because it does not exist."
"Error","http-bio-8085-exec-1","12/08/11","20:08:06",,"'DROP TABLE' cannot be performed on 'CB_AUTHOR' because it does not exist."
"Error","http-bio-8085-exec-1","12/08/11","20:08:06",,"'DROP TABLE' cannot be performed on 'CB_AUTHORPERMISSIONS' because it does not exist."
"Error","http-bio-8085-exec-1","12/08/11","20:08:06",,"'DROP TABLE' cannot be performed on 'CB_CATEGORY' because it does not exist."
"Error","http-bio-8085-exec-1","12/08/11","20:08:06",,"'DROP TABLE' cannot be performed on 'CB_COMMENT' because it does not exist."
"Error","http-bio-8085-exec-1","12/08/11","20:08:06",,"'DROP TABLE' cannot be performed on 'CB_CUSTOMHTML' because it does not exist."
"Error","http-bio-8085-exec-1","12/08/11","20:08:06",,"'DROP TABLE' cannot be performed on 'CB_ENTRY' because it does not exist."
"Error","http-bio-8085-exec-1","12/08/11","20:08:06",,"'DROP TABLE' cannot be performed on 'CB_ENTRYCATEGORIES' because it does not exist."
"Error","http-bio-8085-exec-1","12/08/11","20:08:06",,"'DROP TABLE' cannot be performed on 'CB_PAGE' because it does not exist."
"Error","http-bio-8085-exec-1","12/08/11","20:08:06",,"'DROP TABLE' cannot be performed on 'CB_PERMISION' because it does not exist."
"Error","http-bio-8085-exec-1","12/08/11","20:08:06",,"'DROP TABLE' cannot be performed on 'CB_ROLE' because it does not exist."
"Error","http-bio-8085-exec-1","12/08/11","20:08:06",,"'DROP TABLE' cannot be performed on 'CB_ROLEPERMISSIONS' because it does not exist."
"Error","http-bio-8085-exec-1","12/08/11","20:08:06",,"'DROP TABLE' cannot be performed on 'CB_SETTING' because it does not exist."
"Error","http-bio-8085-exec-1","12/08/11","20:15:23",,"'ALTER TABLE' cannot be performed on 'CB_AUTHOR' because it does not exist."
"Error","http-bio-8085-exec-1","12/08/11","20:15:23",,"'ALTER TABLE' cannot be performed on 'CB_AUTHORPERMISSIONS' because it does not exist."
"Error","http-bio-8085-exec-1","12/08/11","20:15:23",,"'ALTER TABLE' cannot be performed on 'CB_AUTHORPERMISSIONS' because it does not exist."
"Error","http-bio-8085-exec-1","12/08/11","20:15:23",,"'ALTER TABLE' cannot be performed on 'CB_COMMENT' because it does not exist."
"Error","http-bio-8085-exec-1","12/08/11","20:15:23",,"'ALTER TABLE' cannot be performed on 'CB_COMMENT' because it does not exist."
"Error","http-bio-8085-exec-1","12/08/11","20:15:23",,"'ALTER TABLE' cannot be performed on 'CB_ENTRY' because it does not exist."
"Error","http-bio-8085-exec-1","12/08/11","20:15:23",,"'ALTER TABLE' cannot be performed on 'CB_ENTRYCATEGORIES' because it does not exist."
"Error","http-bio-8085-exec-1","12/08/11","20:15:23",,"'ALTER TABLE' cannot be performed on 'CB_ENTRYCATEGORIES' because it does not exist."
"Error","http-bio-8085-exec-1","12/08/11","20:15:23",,"'ALTER TABLE' cannot be performed on 'CB_PAGE' because it does not exist."
"Error","http-bio-8085-exec-1","12/08/11","20:15:23",,"'ALTER TABLE' cannot be performed on 'CB_PAGE' because it does not exist."
"Error","http-bio-8085-exec-1","12/08/11","20:15:23",,"'ALTER TABLE' cannot be performed on 'CB_ROLEPERMISSIONS' because it does not exist."
"Error","http-bio-8085-exec-1","12/08/11","20:15:23",,"'ALTER TABLE' cannot be performed on 'CB_ROLEPERMISSIONS' because it does not exist."
"Error","http-bio-8085-exec-1","12/08/11","20:15:23",,"'DROP TABLE' cannot be performed on 'CB_AUTHOR' because it does not exist."
"Error","http-bio-8085-exec-1","12/08/11","20:15:23",,"'DROP TABLE' cannot be performed on 'CB_AUTHORPERMISSIONS' because it does not exist."
"Error","http-bio-8085-exec-1","12/08/11","20:15:23",,"'DROP TABLE' cannot be performed on 'CB_CATEGORY' because it does not exist."
"Error","http-bio-8085-exec-1","12/08/11","20:15:23",,"'DROP TABLE' cannot be performed on 'CB_COMMENT' because it does not exist."
"Error","http-bio-8085-exec-1","12/08/11","20:15:23",,"'DROP TABLE' cannot be performed on 'CB_CUSTOMHTML' because it does not exist."
"Error","http-bio-8085-exec-1","12/08/11","20:15:23",,"'DROP TABLE' cannot be performed on 'CB_ENTRY' because it does not exist."
"Error","http-bio-8085-exec-1","12/08/11","20:15:23",,"'DROP TABLE' cannot be performed on 'CB_ENTRYCATEGORIES' because it does not exist."
"Error","http-bio-8085-exec-1","12/08/11","20:15:23",,"'DROP TABLE' cannot be performed on 'CB_PAGE' because it does not exist."
"Error","http-bio-8085-exec-1","12/08/11","20:15:23",,"'DROP TABLE' cannot be performed on 'CB_PERMISION' because it does not exist."
"Error","http-bio-8085-exec-1","12/08/11","20:15:23",,"'DROP TABLE' cannot be performed on 'CB_ROLE' because it does not exist."
"Error","http-bio-8085-exec-1","12/08/11","20:15:23",,"'DROP TABLE' cannot be performed on 'CB_ROLEPERMISSIONS' because it does not exist."
"Error","http-bio-8085-exec-1","12/08/11","20:15:23",,"'DROP TABLE' cannot be performed on 'CB_SETTING' because it does not exist."
"Error","cfthread-0","12/08/11","21:01:36",,"CACHEBOXPROVIDER.REAP_FF5B1EE7DD0E40E3BFC1456C0ABF186E: null"
"Error","cfthread-1","12/08/11","21:01:36",,"CACHEBOXPROVIDER.REAP_8D49835E6C8F459080712197345D8BD0: null"
"Error","cfthread-2","12/08/11","21:01:36",,"CACHEBOXPROVIDER.REAP_492F979E40E94BB3AB3CA899DFAB85D2: null"
"Error","cfthread-3","12/08/11","21:01:36",,"CACHEBOXPROVIDER.REAP_73BB798BCA9B450CA8B9C5DA6B8950E2: null"
"Error","cfthread-4","12/08/11","21:02:10",,"CACHEBOXPROVIDER.REAP_AAADCA85BA4544A5BB4DD42026FED7A2: null"
"Error","cfthread-3","12/08/11","21:02:10",,"CACHEBOXPROVIDER.REAP_0BAB1FC42F084744AB6728FB040E62E5: null"
"Error","cfthread-2","12/08/11","21:02:11",,"CACHEBOXPROVIDER.REAP_117AA61466B44174AC35C20BB47BB04D: null"
"Error","cfthread-0","12/08/11","21:02:11",,"CACHEBOXPROVIDER.REAP_31778A4C18694D2BA2ED83E8EBED80C4: null"
"Error","cfthread-1","12/08/11","21:02:11",,"CACHEBOXPROVIDER.REAP_BC890826DA5048E9B0BDA4D74F0BF3A7: null"
"Error","cfthread-4","12/08/11","21:02:11",,"CACHEBOXPROVIDER.REAP_300BF6416A5F435C9EDABC30B29E2BC5: null"
"Error","cfthread-3","12/08/11","21:02:14",,"CACHEBOXPROVIDER.REAP_FE3EC46685BE4000A69318359078C0A7: null"
"Error","cfthread-2","12/08/11","21:02:14",,"CACHEBOXPROVIDER.REAP_F271B4F25A9E4035A9566B3991DDB0DA: null"
"Error","http-bio-8085-exec-1","02/01/12","08:44:03",,"File not found: /index.cfm The specific sequence of files included or processed is: /Users/lmajano/Exports/contentbox-express-acf/www/ROOT/index.cfm'' "
"Error","http-bio-8085-exec-2","02/01/12","08:44:09",,"File not found: /CFIDE/administrator/index.cfm The specific sequence of files included or processed is: /Users/lmajano/Exports/contentbox-express-acf/www/ROOT/CFIDE/administrator/index.cfm'' "
"Error","http-bio-8085-exec-5","02/01/12","08:44:15",,"File not found: /CFIDE/administrator/index.cfm The specific sequence of files included or processed is: /Users/lmajano/Exports/contentbox-express-acf/www/ROOT/CFIDE/administrator/index.cfm'' "
"Error","http-bio-8085-exec-7","02/01/12","08:44:24",,"File not found: /CFIDE/administrator/index.cfm The specific sequence of files included or processed is: /Users/lmajano/Exports/contentbox-express-acf/www/ROOT/CFIDE/administrator/index.cfm'' "
"Error","http-bio-8085-exec-10","02/01/12","08:44:28",,"File not found: /index.cfm The specific sequence of files included or processed is: /Users/lmajano/Exports/contentbox-express-acf/www/ROOT/index.cfm'' "
"Information","http-bio-8085-exec-4","02/01/12","08:52:11","CFADMIN","Invalid login for Default User"
"Error","http-bio-8085-exec-6","02/01/12","08:56:11",,""
"Error","cfthread-0","02/01/12","10:22:19",,"CACHEBOXPROVIDER.REAP_2C60A5888DAF4EF98ED643CA514280FB: null"
"Error","cfthread-1","02/01/12","10:22:19",,"CACHEBOXPROVIDER.REAP_40B6C55767954BCBB21ABCE3BBD50B81: null"
"Error","cfthread-2","02/01/12","10:22:24",,"CACHEBOXPROVIDER.REAP_09640D43C7114DD9B9587EB33F1301F5: null"
"Error","cfthread-0","02/01/12","10:22:24",,"CACHEBOXPROVIDER.REAP_B61BDECDF40C4A399619C00ECD459302: null"
"Error","cfthread-1","02/01/12","10:29:23",,"CACHEBOXPROVIDER.REAP_DD4C4C368C80480C835CF76ACB11E9A1: null"
"Error","cfthread-2","02/01/12","10:29:23",,"CACHEBOXPROVIDER.REAP_750EEA8BB9AE4D1AAEE9F87735639A58: null"
"Error","cfthread-0","02/01/12","10:29:32",,"CACHEBOXPROVIDER.REAP_ED5F2CF3AA154796B9AD090C60165FE9: null"
"Error","cfthread-0","02/01/12","10:29:32",,"CACHEBOXPROVIDER.REAP_D32C755FEB38453F91BA786CF2146E8D: null"
"Error","cfthread-2","02/01/12","10:31:04",,"CACHEBOXPROVIDER.REAP_88ACCD46AB354DD39A6C8858B5B650F8: null"
"Error","cfthread-1","02/01/12","10:31:04",,"CACHEBOXPROVIDER.REAP_C723016D909C4987A0F563C22EEE9ED5: null"
"Error","cfthread-0","02/01/12","10:31:05",,"CACHEBOXPROVIDER.REAP_47687836BEA9413A981E56EDD3608DB5: null"
"Error","cfthread-2","02/01/12","10:31:05",,"CACHEBOXPROVIDER.REAP_8614D77C68B54BB4950BD76022DEB5C4: null"
