"Severity","ThreadID","Date","Time","Application","Message"
"Information","pool-2-thread-1","12/08/11","16:44:05",,"/Users/lmajano/Downloads/contentbox-express-acf/www/ROOT/WEB-INF/cfusion/logs/server.log initialized"
"Information","pool-2-thread-1","12/08/11","16:44:05",,"Starting logging..."
"Information","pool-2-thread-1","12/08/11","16:44:05",,"Starting license..."
"Information","pool-2-thread-1","12/08/11","16:44:05",,"Invalid ColdFusion 9 license."
"Information","pool-2-thread-1","12/08/11","16:44:05",,"Invalid ColdFusion 9 license."
"Information","pool-2-thread-1","12/08/11","16:44:05",,"Developer Edition enabled"
"Information","pool-2-thread-1","12/08/11","16:44:05",,"Starting crypto..."
"Information","pool-2-thread-1","12/08/11","16:44:05",,"Starting security..."
"Information","pool-2-thread-1","12/08/11","16:44:05",,"Starting scheduler..."
"Information","pool-2-thread-1","12/08/11","16:44:05",,"Starting WatchService..."
"Information","pool-2-thread-1","12/08/11","16:44:05",,"Starting debugging..."
"Information","pool-2-thread-1","12/08/11","16:44:05",,"Starting sql..."
"Information","pool-2-thread-1","12/08/11","16:44:05",,"Starting mail..."
"Information","pool-2-thread-1","12/08/11","16:44:05",,"Starting runtime..."
"Information","pool-2-thread-1","12/08/11","16:44:06",,"CORBA Configuration not enabled"
"Information","pool-2-thread-1","12/08/11","16:44:06",,"Starting cron..."
"Information","pool-2-thread-1","12/08/11","16:44:06",,"Starting registry..."
"Information","pool-2-thread-1","12/08/11","16:44:06",,"Starting client..."
"Information","pool-2-thread-1","12/08/11","16:44:06",,"The metrics service is disabled for the J2EE edition"
"Information","pool-2-thread-1","12/08/11","16:44:06",,"Starting xmlrpc..."
"Information","pool-2-thread-1","12/08/11","16:44:06",,"Starting graphing..."
"Information","pool-2-thread-1","12/08/11","16:44:08",,"Starting verity..."
"Information","pool-2-thread-1","12/08/11","16:44:08",,"Starting solr..."
"Information","pool-2-thread-1","12/08/11","16:44:08",,"Starting archive..."
"Information","pool-2-thread-1","12/08/11","16:44:08",,"Starting document..."
"Information","pool-2-thread-1","12/08/11","16:44:09",,"Starting eventgateway..."
"Information","pool-2-thread-1","12/08/11","16:44:09",,"Starting FlexAssembler..."
"Information","pool-2-thread-1","12/08/11","16:44:09",,"Starting .NET..."
"Information","pool-2-thread-1","12/08/11","16:44:09",,"Starting Monitoring..."
"Information","pool-2-thread-1","12/08/11","16:44:09",,"ColdFusion started"
"Information","http-bio-8085-exec-4","12/08/11","16:46:32",,"Pool Manager Started"
"Information","pool-2-thread-2","12/08/11","19:20:49",,"ColdFusion stopped"
"Information","pool-2-thread-1","12/08/11","19:25:34",,"Starting logging..."
"Information","pool-2-thread-1","12/08/11","19:25:34",,"Starting license..."
"Information","pool-2-thread-1","12/08/11","19:25:35",,"Invalid ColdFusion 9 license."
"Information","pool-2-thread-1","12/08/11","19:25:35",,"Invalid ColdFusion 9 license."
"Information","pool-2-thread-1","12/08/11","19:25:35",,"Developer Edition enabled"
"Information","pool-2-thread-1","12/08/11","19:25:35",,"Starting crypto..."
"Information","pool-2-thread-1","12/08/11","19:25:35",,"Starting security..."
"Information","pool-2-thread-1","12/08/11","19:25:35",,"Starting scheduler..."
"Information","pool-2-thread-1","12/08/11","19:25:35",,"Starting WatchService..."
"Information","pool-2-thread-1","12/08/11","19:25:35",,"Starting debugging..."
"Information","pool-2-thread-1","12/08/11","19:25:35",,"Starting sql..."
"Information","pool-2-thread-1","12/08/11","19:25:35",,"Pool Manager Started"
"Information","pool-2-thread-1","12/08/11","19:25:35",,"Starting mail..."
"Information","pool-2-thread-1","12/08/11","19:25:35",,"Starting runtime..."
"Information","pool-2-thread-1","12/08/11","19:25:35",,"CORBA Configuration not enabled"
"Information","pool-2-thread-1","12/08/11","19:25:35",,"Starting cron..."
"Information","pool-2-thread-1","12/08/11","19:25:35",,"Starting registry..."
"Information","pool-2-thread-1","12/08/11","19:25:35",,"Starting client..."
"Information","pool-2-thread-1","12/08/11","19:25:35",,"The metrics service is disabled for the J2EE edition"
"Information","pool-2-thread-1","12/08/11","19:25:35",,"Starting xmlrpc..."
"Information","pool-2-thread-1","12/08/11","19:25:35",,"Starting graphing..."
"Information","pool-2-thread-1","12/08/11","19:25:36",,"Starting verity..."
"Information","pool-2-thread-1","12/08/11","19:25:36",,"Starting solr..."
"Information","pool-2-thread-1","12/08/11","19:25:36",,"Starting archive..."
"Information","pool-2-thread-1","12/08/11","19:25:36",,"Starting document..."
"Information","pool-2-thread-1","12/08/11","19:25:37",,"Starting eventgateway..."
"Information","pool-2-thread-1","12/08/11","19:25:37",,"Starting FlexAssembler..."
"Information","pool-2-thread-1","12/08/11","19:25:37",,"Starting .NET..."
"Information","pool-2-thread-1","12/08/11","19:25:37",,"Starting Monitoring..."
"Information","pool-2-thread-1","12/08/11","19:25:37",,"ColdFusion started"
"Information","pool-2-thread-2","12/08/11","20:00:31",,"ColdFusion stopped"
"Information","pool-2-thread-1","12/08/11","20:00:40",,"Starting logging..."
"Information","pool-2-thread-1","12/08/11","20:00:40",,"Starting license..."
"Information","pool-2-thread-1","12/08/11","20:00:40",,"Invalid ColdFusion 9 license."
"Information","pool-2-thread-1","12/08/11","20:00:40",,"Invalid ColdFusion 9 license."
"Information","pool-2-thread-1","12/08/11","20:00:40",,"Developer Edition enabled"
"Information","pool-2-thread-1","12/08/11","20:00:40",,"Starting crypto..."
"Information","pool-2-thread-1","12/08/11","20:00:40",,"Starting security..."
"Information","pool-2-thread-1","12/08/11","20:00:40",,"Starting scheduler..."
"Information","pool-2-thread-1","12/08/11","20:00:40",,"Starting WatchService..."
"Information","pool-2-thread-1","12/08/11","20:00:40",,"Starting debugging..."
"Information","pool-2-thread-1","12/08/11","20:00:40",,"Starting sql..."
"Information","pool-2-thread-1","12/08/11","20:00:40",,"Pool Manager Started"
"Information","pool-2-thread-1","12/08/11","20:00:40",,"Starting mail..."
"Information","pool-2-thread-1","12/08/11","20:00:40",,"Starting runtime..."
"Information","pool-2-thread-1","12/08/11","20:00:40",,"CORBA Configuration not enabled"
"Information","pool-2-thread-1","12/08/11","20:00:40",,"Starting cron..."
"Information","pool-2-thread-1","12/08/11","20:00:40",,"Starting registry..."
"Information","pool-2-thread-1","12/08/11","20:00:40",,"Starting client..."
"Information","pool-2-thread-1","12/08/11","20:00:40",,"The metrics service is disabled for the J2EE edition"
"Information","pool-2-thread-1","12/08/11","20:00:40",,"Starting xmlrpc..."
"Information","pool-2-thread-1","12/08/11","20:00:40",,"Starting graphing..."
"Information","pool-2-thread-1","12/08/11","20:00:42",,"Starting verity..."
"Information","pool-2-thread-1","12/08/11","20:00:42",,"Starting solr..."
"Information","pool-2-thread-1","12/08/11","20:00:42",,"Starting archive..."
"Information","pool-2-thread-1","12/08/11","20:00:42",,"Starting document..."
"Information","pool-2-thread-1","12/08/11","20:00:42",,"Starting eventgateway..."
"Information","pool-2-thread-1","12/08/11","20:00:42",,"Starting FlexAssembler..."
"Information","pool-2-thread-1","12/08/11","20:00:42",,"Starting .NET..."
"Information","pool-2-thread-1","12/08/11","20:00:42",,"Starting Monitoring..."
"Information","pool-2-thread-1","12/08/11","20:00:42",,"ColdFusion started"
"Information","ContainerBackgroundProcessor[StandardEngine[Catalina]]","12/08/11","20:04:18",,"ColdFusion stopped"
"Information","ContainerBackgroundProcessor[StandardEngine[Catalina]]","12/08/11","20:04:19",,"Starting logging..."
"Information","ContainerBackgroundProcessor[StandardEngine[Catalina]]","12/08/11","20:04:19",,"Starting license..."
"Information","ContainerBackgroundProcessor[StandardEngine[Catalina]]","12/08/11","20:04:19",,"Invalid ColdFusion 9 license."
"Information","ContainerBackgroundProcessor[StandardEngine[Catalina]]","12/08/11","20:04:19",,"Invalid ColdFusion 9 license."
"Information","ContainerBackgroundProcessor[StandardEngine[Catalina]]","12/08/11","20:04:19",,"Developer Edition enabled"
"Information","ContainerBackgroundProcessor[StandardEngine[Catalina]]","12/08/11","20:04:19",,"Starting crypto..."
"Information","ContainerBackgroundProcessor[StandardEngine[Catalina]]","12/08/11","20:04:19",,"Starting security..."
"Information","ContainerBackgroundProcessor[StandardEngine[Catalina]]","12/08/11","20:04:19",,"Starting scheduler..."
"Error","ContainerBackgroundProcessor[StandardEngine[Catalina]]","12/08/11","20:04:19",,"Unable to initialize Scheduler service: coldfusion.server.ServiceException: Shutdown in progress"
"Information","ContainerBackgroundProcessor[StandardEngine[Catalina]]","12/08/11","20:04:19",,"Starting WatchService..."
"Information","ContainerBackgroundProcessor[StandardEngine[Catalina]]","12/08/11","20:04:19",,"Starting debugging..."
"Information","ContainerBackgroundProcessor[StandardEngine[Catalina]]","12/08/11","20:04:19",,"Starting sql..."
"Information","ContainerBackgroundProcessor[StandardEngine[Catalina]]","12/08/11","20:04:19",,"Pool Manager Started"
"Information","ContainerBackgroundProcessor[StandardEngine[Catalina]]","12/08/11","20:04:19",,"Starting mail..."
"Error","ContainerBackgroundProcessor[StandardEngine[Catalina]]","12/08/11","20:04:19",,"Unable to initialize Mail service: coldfusion.server.ServiceException: The Scheduler service is not available."
"Information","ContainerBackgroundProcessor[StandardEngine[Catalina]]","12/08/11","20:04:19",,"Starting runtime..."
"Information","ContainerBackgroundProcessor[StandardEngine[Catalina]]","12/08/11","20:04:19",,"CORBA Configuration not enabled"
"Information","ContainerBackgroundProcessor[StandardEngine[Catalina]]","12/08/11","20:04:19",,"Starting cron..."
"Error","ContainerBackgroundProcessor[StandardEngine[Catalina]]","12/08/11","20:04:19",,"Unable to initialize Cron service: coldfusion.server.ServiceFactory$ServiceNotAvailableException: The Scheduler service is not available. This exception is usually caused by service startup failure. Check your server configuration."
"Information","ContainerBackgroundProcessor[StandardEngine[Catalina]]","12/08/11","20:04:19",,"Starting registry..."
"Information","ContainerBackgroundProcessor[StandardEngine[Catalina]]","12/08/11","20:04:19",,"Starting client..."
"Error","ContainerBackgroundProcessor[StandardEngine[Catalina]]","12/08/11","20:04:19",,"Unable to initialize Client Storage service: coldfusion.server.ServiceFactory$ServiceNotAvailableException: The Scheduler service is not available. This exception is usually caused by service startup failure. Check your server configuration."
"Information","ContainerBackgroundProcessor[StandardEngine[Catalina]]","12/08/11","20:04:19",,"The metrics service is disabled for the J2EE edition"
"Information","ContainerBackgroundProcessor[StandardEngine[Catalina]]","12/08/11","20:04:19",,"Starting xmlrpc..."
"Information","ContainerBackgroundProcessor[StandardEngine[Catalina]]","12/08/11","20:04:20",,"Starting graphing..."
"Information","ContainerBackgroundProcessor[StandardEngine[Catalina]]","12/08/11","20:04:20",,"Starting verity..."
"Information","ContainerBackgroundProcessor[StandardEngine[Catalina]]","12/08/11","20:04:20",,"Starting solr..."
"Information","ContainerBackgroundProcessor[StandardEngine[Catalina]]","12/08/11","20:04:20",,"Starting archive..."
"Information","ContainerBackgroundProcessor[StandardEngine[Catalina]]","12/08/11","20:04:20",,"Starting document..."
"Information","ContainerBackgroundProcessor[StandardEngine[Catalina]]","12/08/11","20:04:20",,"Starting eventgateway..."
"Information","ContainerBackgroundProcessor[StandardEngine[Catalina]]","12/08/11","20:04:20",,"Starting FlexAssembler..."
"Information","ContainerBackgroundProcessor[StandardEngine[Catalina]]","12/08/11","20:04:20",,"Starting .NET..."
"Information","ContainerBackgroundProcessor[StandardEngine[Catalina]]","12/08/11","20:04:20",,"Starting Monitoring..."
"Error","ContainerBackgroundProcessor[StandardEngine[Catalina]]","12/08/11","20:04:20",,"Unable to initialize Monitoring service: coldfusion.server.ServiceFactory$ServiceNotAvailableException: The Scheduler service is not available. This exception is usually caused by service startup failure. Check your server configuration."
"Information","ContainerBackgroundProcessor[StandardEngine[Catalina]]","12/08/11","20:04:20",,"ColdFusion started"
"Error","pool-2-thread-2","12/08/11","20:04:22",,"The ClientScope service is not available. This exception is usually caused by service startup failure. Check your server configuration."
"Error","pool-2-thread-2","12/08/11","20:04:22",,"The Cron service is not available. This exception is usually caused by service startup failure. Check your server configuration."
"Error","pool-2-thread-2","12/08/11","20:04:22",,"The MailSpool service is not available. This exception is usually caused by service startup failure. Check your server configuration."
"Error","pool-2-thread-2","12/08/11","20:04:22",,"The Scheduler service is not available. This exception is usually caused by service startup failure. Check your server configuration."
"Error","pool-2-thread-2","12/08/11","20:04:27",,"The Monitoring service is not available. This exception is usually caused by service startup failure. Check your server configuration."
"Information","pool-2-thread-2","12/08/11","20:04:27",,"ColdFusion stopped"
"Information","pool-2-thread-1","12/08/11","20:06:09",,"Starting logging..."
"Information","pool-2-thread-1","12/08/11","20:06:09",,"Starting license..."
"Information","pool-2-thread-1","12/08/11","20:06:09",,"Invalid ColdFusion 9 license."
"Information","pool-2-thread-1","12/08/11","20:06:09",,"Invalid ColdFusion 9 license."
"Information","pool-2-thread-1","12/08/11","20:06:09",,"Developer Edition enabled"
"Information","pool-2-thread-1","12/08/11","20:06:09",,"Starting crypto..."
"Information","pool-2-thread-1","12/08/11","20:06:09",,"Starting security..."
"Information","pool-2-thread-1","12/08/11","20:06:09",,"Starting scheduler..."
"Information","pool-2-thread-1","12/08/11","20:06:09",,"Starting WatchService..."
"Information","pool-2-thread-1","12/08/11","20:06:09",,"Starting debugging..."
"Information","pool-2-thread-1","12/08/11","20:06:09",,"Starting sql..."
"Information","pool-2-thread-1","12/08/11","20:06:09",,"Pool Manager Started"
"Information","pool-2-thread-1","12/08/11","20:06:09",,"Starting mail..."
"Information","pool-2-thread-1","12/08/11","20:06:09",,"Starting runtime..."
"Information","pool-2-thread-1","12/08/11","20:06:09",,"CORBA Configuration not enabled"
"Information","pool-2-thread-1","12/08/11","20:06:09",,"Starting cron..."
"Information","pool-2-thread-1","12/08/11","20:06:09",,"Starting registry..."
"Information","pool-2-thread-1","12/08/11","20:06:09",,"Starting client..."
"Information","pool-2-thread-1","12/08/11","20:06:09",,"The metrics service is disabled for the J2EE edition"
"Information","pool-2-thread-1","12/08/11","20:06:09",,"Starting xmlrpc..."
"Information","pool-2-thread-1","12/08/11","20:06:09",,"Starting graphing..."
"Information","pool-2-thread-1","12/08/11","20:06:11",,"Starting verity..."
"Information","pool-2-thread-1","12/08/11","20:06:11",,"Starting solr..."
"Information","pool-2-thread-1","12/08/11","20:06:11",,"Starting archive..."
"Information","pool-2-thread-1","12/08/11","20:06:11",,"Starting document..."
"Information","pool-2-thread-1","12/08/11","20:06:11",,"Starting eventgateway..."
"Information","pool-2-thread-1","12/08/11","20:06:11",,"Starting FlexAssembler..."
"Information","pool-2-thread-1","12/08/11","20:06:11",,"Starting .NET..."
"Information","pool-2-thread-1","12/08/11","20:06:11",,"Starting Monitoring..."
"Information","pool-2-thread-1","12/08/11","20:06:11",,"ColdFusion started"
"Information","pool-2-thread-2","12/08/11","20:11:44",,"ColdFusion stopped"
"Information","pool-2-thread-1","12/08/11","20:14:56",,"Starting logging..."
"Information","pool-2-thread-1","12/08/11","20:14:56",,"Starting license..."
"Information","pool-2-thread-1","12/08/11","20:14:56",,"Invalid ColdFusion 9 license."
"Information","pool-2-thread-1","12/08/11","20:14:56",,"Invalid ColdFusion 9 license."
"Information","pool-2-thread-1","12/08/11","20:14:56",,"Developer Edition enabled"
"Information","pool-2-thread-1","12/08/11","20:14:56",,"Starting crypto..."
"Information","pool-2-thread-1","12/08/11","20:14:56",,"Starting security..."
"Information","pool-2-thread-1","12/08/11","20:14:56",,"Starting scheduler..."
"Information","pool-2-thread-1","12/08/11","20:14:56",,"Starting WatchService..."
"Information","pool-2-thread-1","12/08/11","20:14:56",,"Starting debugging..."
"Information","pool-2-thread-1","12/08/11","20:14:56",,"Starting sql..."
"Information","pool-2-thread-1","12/08/11","20:14:56",,"Pool Manager Started"
"Information","pool-2-thread-1","12/08/11","20:14:56",,"Starting mail..."
"Information","pool-2-thread-1","12/08/11","20:14:56",,"Starting runtime..."
"Information","pool-2-thread-1","12/08/11","20:14:56",,"CORBA Configuration not enabled"
"Information","pool-2-thread-1","12/08/11","20:14:56",,"Starting cron..."
"Information","pool-2-thread-1","12/08/11","20:14:56",,"Starting registry..."
"Information","pool-2-thread-1","12/08/11","20:14:56",,"Starting client..."
"Information","pool-2-thread-1","12/08/11","20:14:56",,"The metrics service is disabled for the J2EE edition"
"Information","pool-2-thread-1","12/08/11","20:14:56",,"Starting xmlrpc..."
"Information","pool-2-thread-1","12/08/11","20:14:56",,"Starting graphing..."
"Information","pool-2-thread-1","12/08/11","20:14:59",,"Starting verity..."
"Information","pool-2-thread-1","12/08/11","20:14:59",,"Starting solr..."
"Information","pool-2-thread-1","12/08/11","20:14:59",,"Starting archive..."
"Information","pool-2-thread-1","12/08/11","20:14:59",,"Starting document..."
"Information","pool-2-thread-1","12/08/11","20:14:59",,"Starting eventgateway..."
"Information","pool-2-thread-1","12/08/11","20:14:59",,"Starting FlexAssembler..."
"Information","pool-2-thread-1","12/08/11","20:14:59",,"Starting .NET..."
"Information","pool-2-thread-1","12/08/11","20:14:59",,"Starting Monitoring..."
"Information","pool-2-thread-1","12/08/11","20:14:59",,"ColdFusion started"
"Information","pool-2-thread-2","12/09/11","10:35:07",,"ColdFusion stopped"
"Information","pool-2-thread-1","02/01/12","08:43:37",,"Starting logging..."
"Information","pool-2-thread-1","02/01/12","08:43:37",,"Starting license..."
"Information","pool-2-thread-1","02/01/12","08:43:37",,"Invalid ColdFusion 9 license."
"Information","pool-2-thread-1","02/01/12","08:43:37",,"Invalid ColdFusion 9 license."
"Information","pool-2-thread-1","02/01/12","08:43:37",,"Developer Edition enabled"
"Information","pool-2-thread-1","02/01/12","08:43:38",,"Starting crypto..."
"Information","pool-2-thread-1","02/01/12","08:43:38",,"Starting security..."
"Information","pool-2-thread-1","02/01/12","08:43:39",,"Starting scheduler..."
"Information","pool-2-thread-1","02/01/12","08:43:39",,"Starting WatchService..."
"Information","pool-2-thread-1","02/01/12","08:43:39",,"Starting debugging..."
"Information","pool-2-thread-1","02/01/12","08:43:40",,"Starting sql..."
"Information","pool-2-thread-1","02/01/12","08:43:40",,"Pool Manager Started"
"Information","pool-2-thread-1","02/01/12","08:43:40",,"Starting mail..."
"Information","pool-2-thread-1","02/01/12","08:43:40",,"Starting runtime..."
"Information","pool-2-thread-1","02/01/12","08:43:40",,"CORBA Configuration not enabled"
"Information","pool-2-thread-1","02/01/12","08:43:40",,"Starting cron..."
"Information","pool-2-thread-1","02/01/12","08:43:40",,"Starting registry..."
"Information","pool-2-thread-1","02/01/12","08:43:41",,"Starting client..."
"Information","pool-2-thread-1","02/01/12","08:43:41",,"The metrics service is disabled for the J2EE edition"
"Information","pool-2-thread-1","02/01/12","08:43:41",,"Starting xmlrpc..."
"Information","pool-2-thread-1","02/01/12","08:43:42",,"Starting graphing..."
"Information","pool-2-thread-1","02/01/12","08:43:45",,"Starting verity..."
"Information","pool-2-thread-1","02/01/12","08:43:45",,"Starting solr..."
"Information","pool-2-thread-1","02/01/12","08:43:46",,"Starting archive..."
"Information","pool-2-thread-1","02/01/12","08:43:46",,"Starting document..."
"Information","pool-2-thread-1","02/01/12","08:43:46",,"Starting eventgateway..."
"Information","pool-2-thread-1","02/01/12","08:43:46",,"Starting FlexAssembler..."
"Information","pool-2-thread-1","02/01/12","08:43:46",,"Starting .NET..."
"Information","pool-2-thread-1","02/01/12","08:43:47",,"Starting Monitoring..."
"Information","pool-2-thread-1","02/01/12","08:43:47",,"ColdFusion started"
"Information","pool-2-thread-2","02/01/12","08:59:22",,"ColdFusion stopped"
"Information","pool-2-thread-1","02/01/12","08:59:31",,"Starting logging..."
"Information","pool-2-thread-1","02/01/12","08:59:31",,"Starting license..."
"Information","pool-2-thread-1","02/01/12","08:59:31",,"Invalid ColdFusion 9 license."
"Information","pool-2-thread-1","02/01/12","08:59:31",,"Invalid ColdFusion 9 license."
"Information","pool-2-thread-1","02/01/12","08:59:31",,"Developer Edition enabled"
"Information","pool-2-thread-1","02/01/12","08:59:31",,"Starting crypto..."
"Information","pool-2-thread-1","02/01/12","08:59:31",,"Starting security..."
"Information","pool-2-thread-1","02/01/12","08:59:31",,"Starting scheduler..."
"Information","pool-2-thread-1","02/01/12","08:59:31",,"Starting WatchService..."
"Information","pool-2-thread-1","02/01/12","08:59:31",,"Starting debugging..."
"Information","pool-2-thread-1","02/01/12","08:59:31",,"Starting sql..."
"Information","pool-2-thread-1","02/01/12","08:59:31",,"Pool Manager Started"
"Information","pool-2-thread-1","02/01/12","08:59:31",,"Starting mail..."
"Information","pool-2-thread-1","02/01/12","08:59:31",,"Starting runtime..."
"Information","pool-2-thread-1","02/01/12","08:59:31",,"CORBA Configuration not enabled"
"Information","pool-2-thread-1","02/01/12","08:59:31",,"Starting cron..."
"Information","pool-2-thread-1","02/01/12","08:59:31",,"Starting registry..."
"Information","pool-2-thread-1","02/01/12","08:59:31",,"Starting client..."
"Information","pool-2-thread-1","02/01/12","08:59:31",,"The metrics service is disabled for the J2EE edition"
"Information","pool-2-thread-1","02/01/12","08:59:31",,"Starting xmlrpc..."
"Information","pool-2-thread-1","02/01/12","08:59:31",,"Starting graphing..."
"Information","pool-2-thread-1","02/01/12","08:59:32",,"Starting verity..."
"Information","pool-2-thread-1","02/01/12","08:59:33",,"Starting solr..."
"Information","pool-2-thread-1","02/01/12","08:59:33",,"Starting archive..."
"Information","pool-2-thread-1","02/01/12","08:59:33",,"Starting document..."
"Information","pool-2-thread-1","02/01/12","08:59:33",,"Starting eventgateway..."
"Information","pool-2-thread-1","02/01/12","08:59:33",,"Starting FlexAssembler..."
"Information","pool-2-thread-1","02/01/12","08:59:33",,"Starting .NET..."
"Information","pool-2-thread-1","02/01/12","08:59:33",,"Starting Monitoring..."
"Information","pool-2-thread-1","02/01/12","08:59:33",,"ColdFusion started"
"Information","pool-2-thread-2","02/01/12","09:23:10",,"ColdFusion stopped"
"Information","pool-2-thread-1","02/01/12","09:23:53",,"Starting logging..."
"Information","pool-2-thread-1","02/01/12","09:23:53",,"Starting license..."
"Information","pool-2-thread-1","02/01/12","09:23:53",,"Invalid ColdFusion 9 license."
"Information","pool-2-thread-1","02/01/12","09:23:53",,"Invalid ColdFusion 9 license."
"Information","pool-2-thread-1","02/01/12","09:23:53",,"Developer Edition enabled"
"Information","pool-2-thread-1","02/01/12","09:23:53",,"Starting crypto..."
"Information","pool-2-thread-1","02/01/12","09:23:53",,"Starting security..."
"Information","pool-2-thread-1","02/01/12","09:23:53",,"Starting scheduler..."
"Information","pool-2-thread-1","02/01/12","09:23:53",,"Starting WatchService..."
"Information","pool-2-thread-1","02/01/12","09:23:53",,"Starting debugging..."
"Information","pool-2-thread-1","02/01/12","09:23:53",,"Starting sql..."
"Information","pool-2-thread-1","02/01/12","09:23:54",,"Pool Manager Started"
"Information","pool-2-thread-1","02/01/12","09:23:54",,"Starting mail..."
"Information","pool-2-thread-1","02/01/12","09:23:54",,"Starting runtime..."
"Information","pool-2-thread-1","02/01/12","09:23:54",,"CORBA Configuration not enabled"
"Information","pool-2-thread-1","02/01/12","09:23:54",,"Starting cron..."
"Information","pool-2-thread-1","02/01/12","09:23:54",,"Starting registry..."
"Information","pool-2-thread-1","02/01/12","09:23:54",,"Starting client..."
"Information","pool-2-thread-1","02/01/12","09:23:54",,"The metrics service is disabled for the J2EE edition"
"Information","pool-2-thread-1","02/01/12","09:23:54",,"Starting xmlrpc..."
"Information","pool-2-thread-1","02/01/12","09:23:54",,"Starting graphing..."
"Information","pool-2-thread-1","02/01/12","09:23:55",,"Starting verity..."
"Information","pool-2-thread-1","02/01/12","09:23:55",,"Starting solr..."
"Information","pool-2-thread-1","02/01/12","09:23:55",,"Starting archive..."
"Information","pool-2-thread-1","02/01/12","09:23:55",,"Starting document..."
"Information","pool-2-thread-1","02/01/12","09:23:55",,"Starting eventgateway..."
"Information","pool-2-thread-1","02/01/12","09:23:55",,"Starting FlexAssembler..."
"Information","pool-2-thread-1","02/01/12","09:23:55",,"Starting .NET..."
"Information","pool-2-thread-1","02/01/12","09:23:55",,"Starting Monitoring..."
"Information","pool-2-thread-1","02/01/12","09:23:55",,"ColdFusion started"
"Information","pool-2-thread-2","02/01/12","09:57:56",,"ColdFusion stopped"
"Information","pool-2-thread-1","02/01/12","10:17:16",,"Starting logging..."
"Information","pool-2-thread-1","02/01/12","10:17:16",,"Starting license..."
"Information","pool-2-thread-1","02/01/12","10:17:16",,"Invalid ColdFusion 9 license."
"Information","pool-2-thread-1","02/01/12","10:17:16",,"Invalid ColdFusion 9 license."
"Information","pool-2-thread-1","02/01/12","10:17:16",,"Developer Edition enabled"
"Information","pool-2-thread-1","02/01/12","10:17:16",,"Starting crypto..."
"Information","pool-2-thread-1","02/01/12","10:17:16",,"Starting security..."
"Information","pool-2-thread-1","02/01/12","10:17:16",,"Starting scheduler..."
"Information","pool-2-thread-1","02/01/12","10:17:16",,"Starting WatchService..."
"Information","pool-2-thread-1","02/01/12","10:17:16",,"Starting debugging..."
"Information","pool-2-thread-1","02/01/12","10:17:16",,"Starting sql..."
"Information","pool-2-thread-1","02/01/12","10:17:16",,"Pool Manager Started"
"Information","pool-2-thread-1","02/01/12","10:17:17",,"Starting mail..."
"Information","pool-2-thread-1","02/01/12","10:17:17",,"Starting runtime..."
"Information","pool-2-thread-1","02/01/12","10:17:17",,"CORBA Configuration not enabled"
"Information","pool-2-thread-1","02/01/12","10:17:17",,"Starting cron..."
"Information","pool-2-thread-1","02/01/12","10:17:17",,"Starting registry..."
"Information","pool-2-thread-1","02/01/12","10:17:17",,"Starting client..."
"Information","pool-2-thread-1","02/01/12","10:17:17",,"The metrics service is disabled for the J2EE edition"
"Information","pool-2-thread-1","02/01/12","10:17:17",,"Starting xmlrpc..."
"Information","pool-2-thread-1","02/01/12","10:17:17",,"Starting graphing..."
"Information","pool-2-thread-1","02/01/12","10:17:18",,"Starting verity..."
"Information","pool-2-thread-1","02/01/12","10:17:18",,"Starting solr..."
"Information","pool-2-thread-1","02/01/12","10:17:18",,"Starting archive..."
"Information","pool-2-thread-1","02/01/12","10:17:18",,"Starting document..."
"Information","pool-2-thread-1","02/01/12","10:17:18",,"Starting eventgateway..."
"Information","pool-2-thread-1","02/01/12","10:17:18",,"Starting FlexAssembler..."
"Information","pool-2-thread-1","02/01/12","10:17:18",,"Starting .NET..."
"Information","pool-2-thread-1","02/01/12","10:17:18",,"Starting Monitoring..."
"Information","pool-2-thread-1","02/01/12","10:17:18",,"ColdFusion started"
"Information","pool-2-thread-2","02/01/12","10:34:17",,"ColdFusion stopped"
"Information","pool-2-thread-1","02/01/12","10:34:26",,"Starting logging..."
"Information","pool-2-thread-1","02/01/12","10:34:26",,"Starting license..."
"Information","pool-2-thread-1","02/01/12","10:34:26",,"Invalid ColdFusion 9 license."
"Information","pool-2-thread-1","02/01/12","10:34:26",,"Invalid ColdFusion 9 license."
"Information","pool-2-thread-1","02/01/12","10:34:26",,"Developer Edition enabled"
"Information","pool-2-thread-1","02/01/12","10:34:26",,"Starting crypto..."
"Information","pool-2-thread-1","02/01/12","10:34:26",,"Starting security..."
"Information","pool-2-thread-1","02/01/12","10:34:26",,"Starting scheduler..."
"Information","pool-2-thread-1","02/01/12","10:34:26",,"Starting WatchService..."
"Information","pool-2-thread-1","02/01/12","10:34:26",,"Starting debugging..."
"Information","pool-2-thread-1","02/01/12","10:34:26",,"Starting sql..."
"Information","pool-2-thread-1","02/01/12","10:34:26",,"Starting mail..."
"Information","pool-2-thread-1","02/01/12","10:34:26",,"Starting runtime..."
"Information","pool-2-thread-1","02/01/12","10:34:26",,"CORBA Configuration not enabled"
"Information","pool-2-thread-1","02/01/12","10:34:26",,"Starting cron..."
"Information","pool-2-thread-1","02/01/12","10:34:26",,"Starting registry..."
"Information","pool-2-thread-1","02/01/12","10:34:26",,"Starting client..."
"Information","pool-2-thread-1","02/01/12","10:34:26",,"The metrics service is disabled for the J2EE edition"
"Information","pool-2-thread-1","02/01/12","10:34:26",,"Starting xmlrpc..."
"Information","pool-2-thread-1","02/01/12","10:34:26",,"Starting graphing..."
"Information","pool-2-thread-1","02/01/12","10:34:28",,"Starting verity..."
"Information","pool-2-thread-1","02/01/12","10:34:28",,"Starting solr..."
"Information","pool-2-thread-1","02/01/12","10:34:28",,"Starting archive..."
"Information","pool-2-thread-1","02/01/12","10:34:28",,"Starting document..."
"Information","pool-2-thread-1","02/01/12","10:34:28",,"Starting eventgateway..."
"Information","pool-2-thread-1","02/01/12","10:34:28",,"Starting FlexAssembler..."
"Information","pool-2-thread-1","02/01/12","10:34:28",,"Starting .NET..."
"Information","pool-2-thread-1","02/01/12","10:34:28",,"Starting Monitoring..."
"Information","pool-2-thread-1","02/01/12","10:34:28",,"ColdFusion started"
"Information","http-bio-8085-exec-4","02/01/12","10:35:16",,"Pool Manager Started"
"Information","pool-2-thread-2","02/01/12","10:35:54",,"ColdFusion stopped"
"Information","pool-2-thread-1","02/03/12","17:00:13",,"Starting logging..."
"Information","pool-2-thread-1","02/03/12","17:00:13",,"Starting license..."
"Information","pool-2-thread-1","02/03/12","17:00:13",,"Invalid ColdFusion 9 license."
"Information","pool-2-thread-1","02/03/12","17:00:13",,"Invalid ColdFusion 9 license."
"Information","pool-2-thread-1","02/03/12","17:00:13",,"Developer Edition enabled"
"Information","pool-2-thread-1","02/03/12","17:00:14",,"Starting crypto..."
"Information","pool-2-thread-1","02/03/12","17:00:14",,"Starting security..."
"Information","pool-2-thread-1","02/03/12","17:00:14",,"Starting scheduler..."
"Information","pool-2-thread-1","02/03/12","17:00:14",,"Starting WatchService..."
"Information","pool-2-thread-1","02/03/12","17:00:14",,"Starting debugging..."
"Information","pool-2-thread-1","02/03/12","17:00:14",,"Starting sql..."
"Information","pool-2-thread-1","02/03/12","17:00:14",,"Pool Manager Started"
"Information","pool-2-thread-1","02/03/12","17:00:15",,"Starting mail..."
"Information","pool-2-thread-1","02/03/12","17:00:15",,"Starting runtime..."
"Information","pool-2-thread-1","02/03/12","17:00:15",,"CORBA Configuration not enabled"
"Information","pool-2-thread-1","02/03/12","17:00:15",,"Starting cron..."
"Information","pool-2-thread-1","02/03/12","17:00:15",,"Starting registry..."
"Information","pool-2-thread-1","02/03/12","17:00:15",,"Starting client..."
"Information","pool-2-thread-1","02/03/12","17:00:15",,"The metrics service is disabled for the J2EE edition"
"Information","pool-2-thread-1","02/03/12","17:00:15",,"Starting xmlrpc..."
"Information","pool-2-thread-1","02/03/12","17:00:16",,"Starting graphing..."
"Information","pool-2-thread-1","02/03/12","17:00:18",,"Starting verity..."
"Information","pool-2-thread-1","02/03/12","17:00:18",,"Starting solr..."
"Information","pool-2-thread-1","02/03/12","17:00:18",,"Starting archive..."
"Information","pool-2-thread-1","02/03/12","17:00:19",,"Starting document..."
"Information","pool-2-thread-1","02/03/12","17:00:21",,"Starting eventgateway..."
"Information","pool-2-thread-1","02/03/12","17:00:22",,"Starting FlexAssembler..."
"Information","pool-2-thread-1","02/03/12","17:00:22",,"Starting .NET..."
"Information","pool-2-thread-1","02/03/12","17:00:22",,"Starting Monitoring..."
"Information","pool-2-thread-1","02/03/12","17:00:23",,"ColdFusion started"
"Information","pool-2-thread-2","02/03/12","17:03:53",,"ColdFusion stopped"
"Information","pool-2-thread-1","02/20/12","17:33:11",,"Starting logging..."
"Information","pool-2-thread-1","02/20/12","17:33:11",,"Starting license..."
"Information","pool-2-thread-1","02/20/12","17:33:11",,"Invalid ColdFusion 9 license."
"Information","pool-2-thread-1","02/20/12","17:33:11",,"Invalid ColdFusion 9 license."
"Information","pool-2-thread-1","02/20/12","17:33:11",,"Developer Edition enabled"
"Information","pool-2-thread-1","02/20/12","17:33:12",,"Starting crypto..."
"Information","pool-2-thread-1","02/20/12","17:33:12",,"Starting security..."
"Information","pool-2-thread-1","02/20/12","17:33:12",,"Starting scheduler..."
"Information","pool-2-thread-1","02/20/12","17:33:12",,"Starting WatchService..."
"Information","pool-2-thread-1","02/20/12","17:33:12",,"Starting debugging..."
"Information","pool-2-thread-1","02/20/12","17:33:12",,"Starting sql..."
"Information","pool-2-thread-1","02/20/12","17:33:12",,"Pool Manager Started"
"Information","pool-2-thread-1","02/20/12","17:33:12",,"Starting mail..."
"Information","pool-2-thread-1","02/20/12","17:33:13",,"Starting runtime..."
"Information","pool-2-thread-1","02/20/12","17:33:13",,"CORBA Configuration not enabled"
"Information","pool-2-thread-1","02/20/12","17:33:13",,"Starting cron..."
"Information","pool-2-thread-1","02/20/12","17:33:13",,"Starting registry..."
"Information","pool-2-thread-1","02/20/12","17:33:13",,"Starting client..."
"Information","pool-2-thread-1","02/20/12","17:33:13",,"The metrics service is disabled for the J2EE edition"
"Information","pool-2-thread-1","02/20/12","17:33:13",,"Starting xmlrpc..."
"Information","pool-2-thread-1","02/20/12","17:33:13",,"Starting graphing..."
"Information","pool-2-thread-1","02/20/12","17:33:17",,"Starting verity..."
"Information","pool-2-thread-1","02/20/12","17:33:17",,"Starting solr..."
"Information","pool-2-thread-1","02/20/12","17:33:17",,"Starting archive..."
"Information","pool-2-thread-1","02/20/12","17:33:17",,"Starting document..."
"Information","pool-2-thread-1","02/20/12","17:33:17",,"Starting eventgateway..."
"Information","pool-2-thread-1","02/20/12","17:33:17",,"Starting FlexAssembler..."
"Information","pool-2-thread-1","02/20/12","17:33:17",,"Starting .NET..."
"Information","pool-2-thread-1","02/20/12","17:33:17",,"Starting Monitoring..."
"Information","pool-2-thread-1","02/20/12","17:33:18",,"ColdFusion started"
"Information","pool-2-thread-2","02/20/12","21:46:43",,"ColdFusion stopped"
"Information","pool-2-thread-1","02/20/12","23:54:23",,"Starting logging..."
"Information","pool-2-thread-1","02/20/12","23:54:23",,"Starting license..."
"Information","pool-2-thread-1","02/20/12","23:54:23",,"Invalid ColdFusion 9 license."
"Information","pool-2-thread-1","02/20/12","23:54:23",,"Invalid ColdFusion 9 license."
"Information","pool-2-thread-1","02/20/12","23:54:23",,"Developer Edition enabled"
"Information","pool-2-thread-1","02/20/12","23:54:23",,"Starting crypto..."
"Information","pool-2-thread-1","02/20/12","23:54:23",,"Starting security..."
"Information","pool-2-thread-1","02/20/12","23:54:23",,"Starting scheduler..."
"Information","pool-2-thread-1","02/20/12","23:54:23",,"Starting WatchService..."
"Information","pool-2-thread-1","02/20/12","23:54:23",,"Starting debugging..."
"Information","pool-2-thread-1","02/20/12","23:54:24",,"Starting sql..."
"Information","pool-2-thread-1","02/20/12","23:54:24",,"Pool Manager Started"
"Information","pool-2-thread-1","02/20/12","23:54:24",,"Starting mail..."
"Information","pool-2-thread-1","02/20/12","23:54:24",,"Starting runtime..."
"Information","pool-2-thread-1","02/20/12","23:54:24",,"CORBA Configuration not enabled"
"Information","pool-2-thread-1","02/20/12","23:54:24",,"Starting cron..."
"Information","pool-2-thread-1","02/20/12","23:54:24",,"Starting registry..."
"Information","pool-2-thread-1","02/20/12","23:54:24",,"Starting client..."
"Information","pool-2-thread-1","02/20/12","23:54:24",,"The metrics service is disabled for the J2EE edition"
"Information","pool-2-thread-1","02/20/12","23:54:24",,"Starting xmlrpc..."
"Information","pool-2-thread-1","02/20/12","23:54:24",,"Starting graphing..."
"Information","pool-2-thread-1","02/20/12","23:54:25",,"Starting verity..."
"Information","pool-2-thread-1","02/20/12","23:54:25",,"Starting solr..."
"Information","pool-2-thread-1","02/20/12","23:54:25",,"Starting archive..."
"Information","pool-2-thread-1","02/20/12","23:54:25",,"Starting document..."
"Information","pool-2-thread-1","02/20/12","23:54:25",,"Starting eventgateway..."
"Information","pool-2-thread-1","02/20/12","23:54:25",,"Starting FlexAssembler..."
"Information","pool-2-thread-1","02/20/12","23:54:25",,"Starting .NET..."
"Information","pool-2-thread-1","02/20/12","23:54:25",,"Starting Monitoring..."
"Information","pool-2-thread-1","02/20/12","23:54:25",,"ColdFusion started"
"Information","pool-2-thread-2","02/20/12","23:55:35",,"ColdFusion stopped"
