08/08 11:42:18 INFO License Service: Flex 1.5 CF Edition enabled
08/08 11:42:18 INFO Starting Flex 1.5 CF Edition
08/08 11:42:22 INFO Macromedia Flex Build: 87315.134646
08/10 21:33:23 INFO License Service: Flex 1.5 CF Edition enabled
08/10 21:33:23 INFO Starting Flex 1.5 CF Edition
08/10 21:33:27 INFO Macromedia Flex Build: 87315.134646
08/11 03:28:05 INFO License Service: Flex 1.5 CF Edition enabled
08/11 03:28:05 INFO Starting Flex 1.5 CF Edition
08/11 03:28:09 INFO Macromedia Flex Build: 87315.134646
08/11 19:51:22 INFO License Service: Flex 1.5 CF Edition enabled
08/11 19:51:22 INFO Starting Flex 1.5 CF Edition
08/11 19:51:26 INFO Macromedia Flex Build: 87315.134646
08/11 20:47:05 INFO License Service: Flex 1.5 CF Edition enabled
08/11 20:47:05 INFO Starting Flex 1.5 CF Edition
08/11 20:47:08 INFO Macromedia Flex Build: 87315.134646
08/12 13:58:36 INFO License Service: Flex 1.5 CF Edition enabled
08/12 13:58:36 INFO Starting Flex 1.5 CF Edition
08/12 13:58:40 INFO Macromedia Flex Build: 87315.134646
08/12 16:14:10 INFO License Service: Flex 1.5 CF Edition enabled
08/12 16:14:10 INFO Starting Flex 1.5 CF Edition
08/12 16:14:13 INFO Macromedia Flex Build: 87315.134646
08/12 17:41:35 INFO License Service: Flex 1.5 CF Edition enabled
08/12 17:41:35 INFO Starting Flex 1.5 CF Edition
08/12 17:41:39 INFO Macromedia Flex Build: 87315.134646
08/13 08:25:14 INFO License Service: Flex 1.5 CF Edition enabled
08/13 08:25:14 INFO Starting Flex 1.5 CF Edition
08/13 08:25:18 INFO Macromedia Flex Build: 87315.134646
08/14 11:07:28 INFO License Service: Flex 1.5 CF Edition enabled
08/14 11:07:28 INFO Starting Flex 1.5 CF Edition
08/14 11:07:32 INFO Macromedia Flex Build: 87315.134646
08/14 12:32:09 INFO License Service: Flex 1.5 CF Edition enabled
08/14 12:32:09 INFO Starting Flex 1.5 CF Edition
08/14 12:32:12 INFO Macromedia Flex Build: 87315.134646
08/14 16:51:31 INFO License Service: Flex 1.5 CF Edition enabled
08/14 16:51:31 INFO Starting Flex 1.5 CF Edition
08/14 16:51:35 INFO Macromedia Flex Build: 87315.134646
08/14 18:29:34 INFO License Service: Flex 1.5 CF Edition enabled
08/14 18:29:34 INFO Starting Flex 1.5 CF Edition
08/14 18:29:38 INFO Macromedia Flex Build: 87315.134646
08/15 10:30:18 INFO License Service: Flex 1.5 CF Edition enabled
08/15 10:30:18 INFO Starting Flex 1.5 CF Edition
08/15 10:30:21 INFO Macromedia Flex Build: 87315.134646
08/17 11:58:34 INFO License Service: Flex 1.5 CF Edition enabled
08/17 11:58:34 INFO Starting Flex 1.5 CF Edition
08/17 11:58:38 INFO Macromedia Flex Build: 87315.134646
08/17 13:00:58 INFO License Service: Flex 1.5 CF Edition enabled
08/17 13:00:58 INFO Starting Flex 1.5 CF Edition
08/17 13:01:02 INFO Macromedia Flex Build: 87315.134646
08/17 15:14:08 INFO License Service: Flex 1.5 CF Edition enabled
08/17 15:14:08 INFO Starting Flex 1.5 CF Edition
08/17 15:14:12 INFO Macromedia Flex Build: 87315.134646
08/17 17:26:13 INFO License Service: Flex 1.5 CF Edition enabled
08/17 17:26:13 INFO Starting Flex 1.5 CF Edition
08/17 17:26:16 INFO Macromedia Flex Build: 87315.134646
08/19 10:58:02 INFO License Service: Flex 1.5 CF Edition enabled
08/19 10:58:02 INFO Starting Flex 1.5 CF Edition
08/19 10:58:06 INFO Macromedia Flex Build: 87315.134646
08/19 18:11:43 INFO License Service: Flex 1.5 CF Edition enabled
08/19 18:11:43 INFO Starting Flex 1.5 CF Edition
08/19 18:11:47 INFO Macromedia Flex Build: 87315.134646
08/19 19:16:11 INFO License Service: Flex 1.5 CF Edition enabled
08/19 19:16:11 INFO Starting Flex 1.5 CF Edition
08/19 19:16:15 INFO Macromedia Flex Build: 87315.134646
08/20 18:16:19 INFO License Service: Flex 1.5 CF Edition enabled
08/20 18:16:19 INFO Starting Flex 1.5 CF Edition
08/20 18:16:23 INFO Macromedia Flex Build: 87315.134646
08/20 22:20:47 INFO License Service: Flex 1.5 CF Edition enabled
08/20 22:20:47 INFO Starting Flex 1.5 CF Edition
08/20 22:20:51 INFO Macromedia Flex Build: 87315.134646
08/21 22:25:11 INFO License Service: Flex 1.5 CF Edition enabled
08/21 22:25:11 INFO Starting Flex 1.5 CF Edition
08/21 22:25:14 INFO Macromedia Flex Build: 87315.134646
08/24 09:37:34 INFO License Service: Flex 1.5 CF Edition enabled
08/24 09:37:34 INFO Starting Flex 1.5 CF Edition
08/24 09:37:38 INFO Macromedia Flex Build: 87315.134646
08/24 17:46:08 INFO License Service: Flex 1.5 CF Edition enabled
08/24 17:46:08 INFO Starting Flex 1.5 CF Edition
08/24 17:46:12 INFO Macromedia Flex Build: 87315.134646
08/25 14:17:49 INFO License Service: Flex 1.5 CF Edition enabled
08/25 14:17:49 INFO Starting Flex 1.5 CF Edition
08/25 14:17:53 INFO Macromedia Flex Build: 87315.134646
08/25 23:21:32 INFO License Service: Flex 1.5 CF Edition enabled
08/25 23:21:32 INFO Starting Flex 1.5 CF Edition
08/25 23:21:36 INFO Macromedia Flex Build: 87315.134646
08/26 15:11:14 INFO License Service: Flex 1.5 CF Edition enabled
08/26 15:11:14 INFO Starting Flex 1.5 CF Edition
08/26 15:11:18 INFO Macromedia Flex Build: 87315.134646
08/27 11:18:51 INFO License Service: Flex 1.5 CF Edition enabled
08/27 11:18:51 INFO Starting Flex 1.5 CF Edition
08/27 11:18:55 INFO Macromedia Flex Build: 87315.134646
08/27 13:49:33 INFO License Service: Flex 1.5 CF Edition enabled
08/27 13:49:33 INFO Starting Flex 1.5 CF Edition
08/27 13:49:37 INFO Macromedia Flex Build: 87315.134646
08/28 09:31:14 INFO License Service: Flex 1.5 CF Edition enabled
08/28 09:31:14 INFO Starting Flex 1.5 CF Edition
08/28 09:31:18 INFO Macromedia Flex Build: 87315.134646
08/28 18:45:33 INFO License Service: Flex 1.5 CF Edition enabled
08/28 18:45:33 INFO Starting Flex 1.5 CF Edition
08/28 18:45:37 INFO Macromedia Flex Build: 87315.134646
08/28 22:05:26 INFO License Service: Flex 1.5 CF Edition enabled
08/28 22:05:26 INFO Starting Flex 1.5 CF Edition
08/28 22:05:30 INFO Macromedia Flex Build: 87315.134646
08/29 16:19:45 INFO License Service: Flex 1.5 CF Edition enabled
08/29 16:19:45 INFO Starting Flex 1.5 CF Edition
08/29 16:19:49 INFO Macromedia Flex Build: 87315.134646
08/31 07:19:10 INFO License Service: Flex 1.5 CF Edition enabled
08/31 07:19:10 INFO Starting Flex 1.5 CF Edition
08/31 07:19:14 INFO Macromedia Flex Build: 87315.134646
08/31 11:51:47 INFO License Service: Flex 1.5 CF Edition enabled
08/31 11:51:47 INFO Starting Flex 1.5 CF Edition
08/31 11:51:51 INFO Macromedia Flex Build: 87315.134646
08/31 15:42:35 INFO License Service: Flex 1.5 CF Edition enabled
08/31 15:42:35 INFO Starting Flex 1.5 CF Edition
08/31 15:42:39 INFO Macromedia Flex Build: 87315.134646
08/31 22:12:52 INFO License Service: Flex 1.5 CF Edition enabled
08/31 22:12:52 INFO Starting Flex 1.5 CF Edition
08/31 22:12:56 INFO Macromedia Flex Build: 87315.134646
09/01 08:03:40 INFO License Service: Flex 1.5 CF Edition enabled
09/01 08:03:40 INFO Starting Flex 1.5 CF Edition
09/01 08:03:44 INFO Macromedia Flex Build: 87315.134646
09/01 11:12:19 INFO License Service: Flex 1.5 CF Edition enabled
09/01 11:12:19 INFO Starting Flex 1.5 CF Edition
09/01 11:12:23 INFO Macromedia Flex Build: 87315.134646
09/01 21:15:36 INFO License Service: Flex 1.5 CF Edition enabled
09/01 21:15:36 INFO Starting Flex 1.5 CF Edition
09/01 21:15:40 INFO Macromedia Flex Build: 87315.134646
09/02 16:30:51 INFO License Service: Flex 1.5 CF Edition enabled
09/02 16:30:51 INFO Starting Flex 1.5 CF Edition
09/02 16:30:55 INFO Macromedia Flex Build: 87315.134646
09/02 19:07:03 INFO License Service: Flex 1.5 CF Edition enabled
09/02 19:07:03 INFO Starting Flex 1.5 CF Edition
09/02 19:07:07 INFO Macromedia Flex Build: 87315.134646
09/02 19:29:38 INFO License Service: Flex 1.5 CF Edition enabled
09/02 19:29:38 INFO Starting Flex 1.5 CF Edition
09/02 19:29:42 INFO Macromedia Flex Build: 87315.134646
09/03 16:28:54 INFO License Service: Flex 1.5 CF Edition enabled
09/03 16:28:54 INFO Starting Flex 1.5 CF Edition
09/03 16:28:58 INFO Macromedia Flex Build: 87315.134646
09/07 16:19:54 INFO License Service: Flex 1.5 CF Edition enabled
09/07 16:19:54 INFO Starting Flex 1.5 CF Edition
09/07 16:19:58 INFO Macromedia Flex Build: 87315.134646
09/08 22:16:38 INFO License Service: Flex 1.5 CF Edition enabled
09/08 22:16:38 INFO Starting Flex 1.5 CF Edition
09/08 22:16:41 INFO Macromedia Flex Build: 87315.134646
09/09 21:29:28 INFO License Service: Flex 1.5 CF Edition enabled
09/09 21:29:28 INFO Starting Flex 1.5 CF Edition
09/09 21:29:32 INFO Macromedia Flex Build: 87315.134646
09/09 23:39:43 INFO License Service: Flex 1.5 CF Edition enabled
09/09 23:39:43 INFO Starting Flex 1.5 CF Edition
09/09 23:39:47 INFO Macromedia Flex Build: 87315.134646
09/10 15:30:12 INFO License Service: Flex 1.5 CF Edition enabled
09/10 15:30:12 INFO Starting Flex 1.5 CF Edition
09/10 15:30:16 INFO Macromedia Flex Build: 87315.134646
09/10 17:39:16 INFO License Service: Flex 1.5 CF Edition enabled
09/10 17:39:16 INFO Starting Flex 1.5 CF Edition
09/10 17:39:20 INFO Macromedia Flex Build: 87315.134646
12/08 16:44:04 INFO License Service: Flex 1.5 CF Edition enabled
12/08 16:44:04 INFO Starting Flex 1.5 CF Edition
12/08 16:44:09 INFO Macromedia Flex Build: 87315.134646
12/08 19:25:34 INFO License Service: Flex 1.5 CF Edition enabled
12/08 19:25:34 INFO Starting Flex 1.5 CF Edition
12/08 19:25:37 INFO Macromedia Flex Build: 87315.134646
12/08 20:00:40 INFO License Service: Flex 1.5 CF Edition enabled
12/08 20:00:40 INFO Starting Flex 1.5 CF Edition
12/08 20:00:42 INFO Macromedia Flex Build: 87315.134646
12/08 20:04:19 INFO License Service: Flex 1.5 CF Edition enabled
12/08 20:04:19 INFO Starting Flex 1.5 CF Edition
12/08 20:04:20 INFO Macromedia Flex Build: 87315.134646
12/08 20:06:09 INFO License Service: Flex 1.5 CF Edition enabled
12/08 20:06:09 INFO Starting Flex 1.5 CF Edition
12/08 20:06:11 INFO Macromedia Flex Build: 87315.134646
12/08 20:14:56 INFO License Service: Flex 1.5 CF Edition enabled
12/08 20:14:56 INFO Starting Flex 1.5 CF Edition
12/08 20:14:59 INFO Macromedia Flex Build: 87315.134646
02/01 08:43:36 INFO License Service: Flex 1.5 CF Edition enabled
02/01 08:43:36 INFO Starting Flex 1.5 CF Edition
02/01 08:43:47 INFO Macromedia Flex Build: 87315.134646
02/01 08:59:31 INFO License Service: Flex 1.5 CF Edition enabled
02/01 08:59:31 INFO Starting Flex 1.5 CF Edition
02/01 08:59:33 INFO Macromedia Flex Build: 87315.134646
02/01 09:23:53 INFO License Service: Flex 1.5 CF Edition enabled
02/01 09:23:53 INFO Starting Flex 1.5 CF Edition
02/01 09:23:55 INFO Macromedia Flex Build: 87315.134646
02/01 10:17:15 INFO License Service: Flex 1.5 CF Edition enabled
02/01 10:17:15 INFO Starting Flex 1.5 CF Edition
02/01 10:17:18 INFO Macromedia Flex Build: 87315.134646
02/01 10:34:25 INFO License Service: Flex 1.5 CF Edition enabled
02/01 10:34:25 INFO Starting Flex 1.5 CF Edition
02/01 10:34:28 INFO Macromedia Flex Build: 87315.134646
02/03 17:00:12 INFO License Service: Flex 1.5 CF Edition enabled
02/03 17:00:12 INFO Starting Flex 1.5 CF Edition
02/03 17:00:23 INFO Macromedia Flex Build: 87315.134646
02/20 17:33:10 INFO License Service: Flex 1.5 CF Edition enabled
02/20 17:33:10 INFO Starting Flex 1.5 CF Edition
02/20 17:33:18 INFO Macromedia Flex Build: 87315.134646
02/20 23:54:23 INFO License Service: Flex 1.5 CF Edition enabled
02/20 23:54:23 INFO Starting Flex 1.5 CF Edition
02/20 23:54:25 INFO Macromedia Flex Build: 87315.134646
